2021/01/20 15:16:16 [error] 30#30: *2 open() "/var/www/html/NingxiTest/apple-touch-icon-precomposed.png" failed (2: No such file or directory), client: 172.16.0.1, server: localhost, request: "GET /apple-touch-icon-precomposed.png HTTP/1.1", host: "localhost"
2021/01/20 15:16:16 [error] 30#30: *2 open() "/var/www/html/NingxiTest/apple-touch-icon.png" failed (2: No such file or directory), client: 172.16.0.1, server: localhost, request: "GET /apple-touch-icon.png HTTP/1.1", host: "localhost"
2021/01/20 15:16:16 [error] 30#30: *3 open() "/var/www/html/NingxiTest/favicon.ico" failed (2: No such file or directory), client: 172.16.0.1, server: localhost, request: "GET /favicon.ico HTTP/1.1", host: "localhost", referrer: "http://localhost/"
2022/09/27 23:43:12 [notice] 1#1: using the "epoll" event method
2022/09/27 23:43:12 [notice] 1#1: nginx/1.21.5
2022/09/27 23:43:12 [notice] 1#1: built by gcc 10.2.1 20210110 (Debian 10.2.1-6) 
2022/09/27 23:43:12 [notice] 1#1: OS: Linux 5.10.16.3-microsoft-standard-WSL2
2022/09/27 23:43:12 [notice] 1#1: getrlimit(RLIMIT_NOFILE): 1048576:1048576
2022/09/27 23:43:12 [notice] 1#1: start worker processes
2022/09/27 23:43:12 [notice] 1#1: start worker process 30
2022/09/27 23:43:12 [notice] 1#1: start worker process 31
2022/09/27 23:43:12 [notice] 1#1: start worker process 32
2022/09/27 23:43:12 [notice] 1#1: start worker process 33
2022/09/27 23:43:12 [notice] 1#1: start worker process 34
2022/09/27 23:43:12 [notice] 1#1: start worker process 35
2022/09/27 23:43:12 [notice] 1#1: start worker process 36
2022/09/27 23:43:12 [notice] 1#1: start worker process 37
2022/09/27 23:43:12 [notice] 1#1: start worker process 38
2022/09/27 23:43:12 [notice] 1#1: start worker process 39
2022/09/27 23:43:12 [notice] 1#1: start worker process 40
2022/09/27 23:43:12 [notice] 1#1: start worker process 41
2022/09/27 23:43:12 [notice] 1#1: start worker process 42
2022/09/27 23:43:12 [notice] 1#1: start worker process 43
2022/09/27 23:43:12 [notice] 1#1: start worker process 44
2022/09/27 23:43:12 [notice] 1#1: start worker process 45
2022/09/27 23:48:06 [notice] 1#1: signal 3 (SIGQUIT) received, shutting down
2022/09/27 23:48:06 [notice] 30#30: gracefully shutting down
2022/09/27 23:48:06 [notice] 31#31: gracefully shutting down
2022/09/27 23:48:06 [notice] 32#32: gracefully shutting down
2022/09/27 23:48:06 [notice] 30#30: exiting
2022/09/27 23:48:06 [notice] 31#31: exiting
2022/09/27 23:48:06 [notice] 33#33: gracefully shutting down
2022/09/27 23:48:06 [notice] 32#32: exiting
2022/09/27 23:48:06 [notice] 34#34: gracefully shutting down
2022/09/27 23:48:06 [notice] 35#35: gracefully shutting down
2022/09/27 23:48:06 [notice] 34#34: exiting
2022/09/27 23:48:06 [notice] 33#33: exiting
2022/09/27 23:48:06 [notice] 37#37: gracefully shutting down
2022/09/27 23:48:06 [notice] 36#36: gracefully shutting down
2022/09/27 23:48:06 [notice] 35#35: exiting
2022/09/27 23:48:06 [notice] 34#34: exit
2022/09/27 23:48:06 [notice] 30#30: exit
2022/09/27 23:48:06 [notice] 38#38: gracefully shutting down
2022/09/27 23:48:06 [notice] 32#32: exit
2022/09/27 23:48:06 [notice] 31#31: exit
2022/09/27 23:48:06 [notice] 33#33: exit
2022/09/27 23:48:06 [notice] 37#37: exiting
2022/09/27 23:48:06 [notice] 39#39: gracefully shutting down
2022/09/27 23:48:06 [notice] 40#40: gracefully shutting down
2022/09/27 23:48:06 [notice] 36#36: exiting
2022/09/27 23:48:06 [notice] 35#35: exit
2022/09/27 23:48:06 [notice] 40#40: exiting
2022/09/27 23:48:06 [notice] 36#36: exit
2022/09/27 23:48:06 [notice] 43#43: gracefully shutting down
2022/09/27 23:48:06 [notice] 42#42: gracefully shutting down
2022/09/27 23:48:06 [notice] 37#37: exit
2022/09/27 23:48:06 [notice] 39#39: exiting
2022/09/27 23:48:06 [notice] 38#38: exiting
2022/09/27 23:48:06 [notice] 41#41: gracefully shutting down
2022/09/27 23:48:06 [notice] 40#40: exit
2022/09/27 23:48:06 [notice] 43#43: exiting
2022/09/27 23:48:06 [notice] 41#41: exiting
2022/09/27 23:48:06 [notice] 42#42: exiting
2022/09/27 23:48:06 [notice] 39#39: exit
2022/09/27 23:48:06 [notice] 38#38: exit
2022/09/27 23:48:06 [notice] 41#41: exit
2022/09/27 23:48:06 [notice] 42#42: exit
2022/09/27 23:48:06 [notice] 43#43: exit
2022/09/27 23:48:06 [notice] 45#45: gracefully shutting down
2022/09/27 23:48:06 [notice] 45#45: exiting
2022/09/27 23:48:06 [notice] 45#45: exit
2022/09/27 23:48:06 [notice] 44#44: gracefully shutting down
2022/09/27 23:48:06 [notice] 44#44: exiting
2022/09/27 23:48:06 [notice] 44#44: exit
2022/09/27 23:48:07 [notice] 1#1: signal 17 (SIGCHLD) received from 42
2022/09/27 23:48:07 [notice] 1#1: worker process 32 exited with code 0
2022/09/27 23:48:07 [notice] 1#1: worker process 34 exited with code 0
2022/09/27 23:48:07 [notice] 1#1: worker process 36 exited with code 0
2022/09/27 23:48:07 [notice] 1#1: worker process 38 exited with code 0
2022/09/27 23:48:07 [notice] 1#1: worker process 40 exited with code 0
2022/09/27 23:48:07 [notice] 1#1: worker process 41 exited with code 0
2022/09/27 23:48:07 [notice] 1#1: worker process 42 exited with code 0
2022/09/27 23:48:07 [notice] 1#1: worker process 43 exited with code 0
2022/09/27 23:48:07 [notice] 1#1: worker process 44 exited with code 0
2022/09/27 23:48:07 [notice] 1#1: signal 29 (SIGIO) received
2022/09/27 23:48:07 [notice] 1#1: signal 17 (SIGCHLD) received from 40
2022/09/27 23:48:07 [notice] 1#1: worker process 30 exited with code 0
2022/09/27 23:48:07 [notice] 1#1: signal 29 (SIGIO) received
2022/09/27 23:48:07 [notice] 1#1: signal 17 (SIGCHLD) received from 30
2022/09/27 23:48:07 [notice] 1#1: signal 17 (SIGCHLD) received from 39
2022/09/27 23:48:07 [notice] 1#1: worker process 39 exited with code 0
2022/09/27 23:48:07 [notice] 1#1: signal 29 (SIGIO) received
2022/09/27 23:48:07 [notice] 1#1: signal 17 (SIGCHLD) received from 33
2022/09/27 23:48:07 [notice] 1#1: worker process 33 exited with code 0
2022/09/27 23:48:07 [notice] 1#1: signal 29 (SIGIO) received
2022/09/27 23:48:07 [notice] 1#1: signal 17 (SIGCHLD) received from 37
2022/09/27 23:48:07 [notice] 1#1: worker process 35 exited with code 0
2022/09/27 23:48:07 [notice] 1#1: worker process 37 exited with code 0
2022/09/27 23:48:07 [notice] 1#1: signal 29 (SIGIO) received
2022/09/27 23:48:07 [notice] 1#1: signal 17 (SIGCHLD) received from 31
2022/09/27 23:48:07 [notice] 1#1: worker process 31 exited with code 0
2022/09/27 23:48:07 [notice] 1#1: worker process 45 exited with code 0
2022/09/27 23:48:07 [notice] 1#1: exit
2022/09/27 23:59:56 [notice] 1#1: using the "epoll" event method
2022/09/27 23:59:56 [notice] 1#1: nginx/1.21.5
2022/09/27 23:59:56 [notice] 1#1: built by gcc 10.2.1 20210110 (Debian 10.2.1-6) 
2022/09/27 23:59:56 [notice] 1#1: OS: Linux 5.10.16.3-microsoft-standard-WSL2
2022/09/27 23:59:56 [notice] 1#1: getrlimit(RLIMIT_NOFILE): 1048576:1048576
2022/09/27 23:59:56 [notice] 1#1: start worker processes
2022/09/27 23:59:56 [notice] 1#1: start worker process 30
2022/09/27 23:59:56 [notice] 1#1: start worker process 31
2022/09/27 23:59:56 [notice] 1#1: start worker process 32
2022/09/27 23:59:56 [notice] 1#1: start worker process 33
2022/09/27 23:59:56 [notice] 1#1: start worker process 34
2022/09/27 23:59:56 [notice] 1#1: start worker process 35
2022/09/27 23:59:56 [notice] 1#1: start worker process 36
2022/09/27 23:59:56 [notice] 1#1: start worker process 37
2022/09/27 23:59:56 [notice] 1#1: start worker process 38
2022/09/27 23:59:56 [notice] 1#1: start worker process 39
2022/09/27 23:59:56 [notice] 1#1: start worker process 40
2022/09/27 23:59:56 [notice] 1#1: start worker process 41
2022/09/27 23:59:56 [notice] 1#1: start worker process 42
2022/09/27 23:59:56 [notice] 1#1: start worker process 43
2022/09/27 23:59:56 [notice] 1#1: start worker process 44
2022/09/27 23:59:56 [notice] 1#1: start worker process 45
2022/09/28 00:00:11 [notice] 1#1: signal 3 (SIGQUIT) received, shutting down
2022/09/28 00:00:11 [notice] 31#31: gracefully shutting down
2022/09/28 00:00:11 [notice] 30#30: gracefully shutting down
2022/09/28 00:00:11 [notice] 32#32: gracefully shutting down
2022/09/28 00:00:11 [notice] 33#33: gracefully shutting down
2022/09/28 00:00:11 [notice] 34#34: gracefully shutting down
2022/09/28 00:00:11 [notice] 35#35: gracefully shutting down
2022/09/28 00:00:11 [notice] 31#31: exiting
2022/09/28 00:00:11 [notice] 30#30: exiting
2022/09/28 00:00:11 [notice] 36#36: gracefully shutting down
2022/09/28 00:00:11 [notice] 32#32: exiting
2022/09/28 00:00:11 [notice] 33#33: exiting
2022/09/28 00:00:11 [notice] 37#37: gracefully shutting down
2022/09/28 00:00:11 [notice] 34#34: exiting
2022/09/28 00:00:11 [notice] 38#38: gracefully shutting down
2022/09/28 00:00:11 [notice] 40#40: gracefully shutting down
2022/09/28 00:00:11 [notice] 35#35: exiting
2022/09/28 00:00:11 [notice] 42#42: gracefully shutting down
2022/09/28 00:00:11 [notice] 36#36: exiting
2022/09/28 00:00:11 [notice] 30#30: exit
2022/09/28 00:00:11 [notice] 31#31: exit
2022/09/28 00:00:11 [notice] 32#32: exit
2022/09/28 00:00:11 [notice] 37#37: exiting
2022/09/28 00:00:11 [notice] 35#35: exit
2022/09/28 00:00:11 [notice] 33#33: exit
2022/09/28 00:00:11 [notice] 38#38: exiting
2022/09/28 00:00:11 [notice] 34#34: exit
2022/09/28 00:00:11 [notice] 40#40: exiting
2022/09/28 00:00:11 [notice] 42#42: exiting
2022/09/28 00:00:11 [notice] 36#36: exit
2022/09/28 00:00:11 [notice] 37#37: exit
2022/09/28 00:00:11 [notice] 38#38: exit
2022/09/28 00:00:11 [notice] 40#40: exit
2022/09/28 00:00:11 [notice] 42#42: exit
2022/09/28 00:00:11 [notice] 45#45: gracefully shutting down
2022/09/28 00:00:11 [notice] 44#44: gracefully shutting down
2022/09/28 00:00:11 [notice] 39#39: gracefully shutting down
2022/09/28 00:00:11 [notice] 41#41: gracefully shutting down
2022/09/28 00:00:11 [notice] 45#45: exiting
2022/09/28 00:00:11 [notice] 43#43: gracefully shutting down
2022/09/28 00:00:11 [notice] 44#44: exiting
2022/09/28 00:00:11 [notice] 39#39: exiting
2022/09/28 00:00:11 [notice] 41#41: exiting
2022/09/28 00:00:11 [notice] 44#44: exit
2022/09/28 00:00:11 [notice] 45#45: exit
2022/09/28 00:00:11 [notice] 41#41: exit
2022/09/28 00:00:11 [notice] 39#39: exit
2022/09/28 00:00:11 [notice] 43#43: exiting
2022/09/28 00:00:11 [notice] 43#43: exit
2022/09/28 00:00:11 [notice] 1#1: signal 17 (SIGCHLD) received from 42
2022/09/28 00:00:11 [notice] 1#1: worker process 30 exited with code 0
2022/09/28 00:00:11 [notice] 1#1: worker process 31 exited with code 0
2022/09/28 00:00:11 [notice] 1#1: worker process 35 exited with code 0
2022/09/28 00:00:11 [notice] 1#1: worker process 39 exited with code 0
2022/09/28 00:00:11 [notice] 1#1: worker process 40 exited with code 0
2022/09/28 00:00:11 [notice] 1#1: worker process 42 exited with code 0
2022/09/28 00:00:11 [notice] 1#1: worker process 45 exited with code 0
2022/09/28 00:00:11 [notice] 1#1: signal 29 (SIGIO) received
2022/09/28 00:00:11 [notice] 1#1: signal 17 (SIGCHLD) received from 43
2022/09/28 00:00:11 [notice] 1#1: worker process 43 exited with code 0
2022/09/28 00:00:11 [notice] 1#1: signal 29 (SIGIO) received
2022/09/28 00:00:11 [notice] 1#1: signal 17 (SIGCHLD) received from 38
2022/09/28 00:00:11 [notice] 1#1: worker process 38 exited with code 0
2022/09/28 00:00:11 [notice] 1#1: worker process 32 exited with code 0
2022/09/28 00:00:11 [notice] 1#1: worker process 36 exited with code 0
2022/09/28 00:00:11 [notice] 1#1: worker process 41 exited with code 0
2022/09/28 00:00:11 [notice] 1#1: signal 29 (SIGIO) received
2022/09/28 00:00:11 [notice] 1#1: signal 17 (SIGCHLD) received from 41
2022/09/28 00:00:11 [notice] 1#1: signal 17 (SIGCHLD) received from 44
2022/09/28 00:00:11 [notice] 1#1: worker process 44 exited with code 0
2022/09/28 00:00:11 [notice] 1#1: signal 29 (SIGIO) received
2022/09/28 00:00:12 [notice] 1#1: signal 17 (SIGCHLD) received from 33
2022/09/28 00:00:12 [notice] 1#1: worker process 33 exited with code 0
2022/09/28 00:00:12 [notice] 1#1: worker process 34 exited with code 0
2022/09/28 00:00:12 [notice] 1#1: signal 29 (SIGIO) received
2022/09/28 00:00:12 [notice] 1#1: signal 17 (SIGCHLD) received from 34
2022/09/28 00:00:12 [notice] 1#1: signal 17 (SIGCHLD) received from 37
2022/09/28 00:00:12 [notice] 1#1: worker process 37 exited with code 0
2022/09/28 00:00:12 [notice] 1#1: exit
2022/09/28 00:06:22 [notice] 1#1: using the "epoll" event method
2022/09/28 00:06:22 [notice] 1#1: nginx/1.21.5
2022/09/28 00:06:22 [notice] 1#1: built by gcc 10.2.1 20210110 (Debian 10.2.1-6) 
2022/09/28 00:06:22 [notice] 1#1: OS: Linux 5.10.16.3-microsoft-standard-WSL2
2022/09/28 00:06:22 [notice] 1#1: getrlimit(RLIMIT_NOFILE): 1048576:1048576
2022/09/28 00:06:22 [notice] 1#1: start worker processes
2022/09/28 00:06:22 [notice] 1#1: start worker process 30
2022/09/28 00:06:22 [notice] 1#1: start worker process 31
2022/09/28 00:06:22 [notice] 1#1: start worker process 32
2022/09/28 00:06:22 [notice] 1#1: start worker process 33
2022/09/28 00:06:22 [notice] 1#1: start worker process 34
2022/09/28 00:06:22 [notice] 1#1: start worker process 35
2022/09/28 00:06:22 [notice] 1#1: start worker process 36
2022/09/28 00:06:22 [notice] 1#1: start worker process 37
2022/09/28 00:06:22 [notice] 1#1: start worker process 38
2022/09/28 00:06:22 [notice] 1#1: start worker process 39
2022/09/28 00:06:22 [notice] 1#1: start worker process 40
2022/09/28 00:06:22 [notice] 1#1: start worker process 41
2022/09/28 00:06:22 [notice] 1#1: start worker process 42
2022/09/28 00:06:22 [notice] 1#1: start worker process 43
2022/09/28 00:06:22 [notice] 1#1: start worker process 44
2022/09/28 00:06:22 [notice] 1#1: start worker process 45
2022/09/28 00:07:38 [notice] 1#1: signal 3 (SIGQUIT) received, shutting down
2022/09/28 00:07:38 [notice] 30#30: gracefully shutting down
2022/09/28 00:07:38 [notice] 31#31: gracefully shutting down
2022/09/28 00:07:38 [notice] 33#33: gracefully shutting down
2022/09/28 00:07:38 [notice] 34#34: gracefully shutting down
2022/09/28 00:07:38 [notice] 30#30: exiting
2022/09/28 00:07:38 [notice] 31#31: exiting
2022/09/28 00:07:38 [notice] 36#36: gracefully shutting down
2022/09/28 00:07:38 [notice] 33#33: exiting
2022/09/28 00:07:38 [notice] 39#39: gracefully shutting down
2022/09/28 00:07:38 [notice] 40#40: gracefully shutting down
2022/09/28 00:07:38 [notice] 34#34: exiting
2022/09/28 00:07:38 [notice] 41#41: gracefully shutting down
2022/09/28 00:07:38 [notice] 38#38: gracefully shutting down
2022/09/28 00:07:38 [notice] 36#36: exiting
2022/09/28 00:07:38 [notice] 38#38: exiting
2022/09/28 00:07:38 [notice] 38#38: exit
2022/09/28 00:07:38 [notice] 36#36: exit
2022/09/28 00:07:38 [notice] 31#31: exit
2022/09/28 00:07:38 [notice] 43#43: gracefully shutting down
2022/09/28 00:07:38 [notice] 43#43: exiting
2022/09/28 00:07:38 [notice] 43#43: exit
2022/09/28 00:07:38 [notice] 44#44: gracefully shutting down
2022/09/28 00:07:38 [notice] 44#44: exiting
2022/09/28 00:07:38 [notice] 30#30: exit
2022/09/28 00:07:38 [notice] 33#33: exit
2022/09/28 00:07:38 [notice] 39#39: exiting
2022/09/28 00:07:38 [notice] 40#40: exiting
2022/09/28 00:07:38 [notice] 40#40: exit
2022/09/28 00:07:38 [notice] 34#34: exit
2022/09/28 00:07:38 [notice] 32#32: gracefully shutting down
2022/09/28 00:07:38 [notice] 45#45: gracefully shutting down
2022/09/28 00:07:38 [notice] 41#41: exiting
2022/09/28 00:07:38 [notice] 44#44: exit
2022/09/28 00:07:38 [notice] 39#39: exit
2022/09/28 00:07:38 [notice] 35#35: gracefully shutting down
2022/09/28 00:07:38 [notice] 45#45: exiting
2022/09/28 00:07:38 [notice] 32#32: exiting
2022/09/28 00:07:38 [notice] 35#35: exiting
2022/09/28 00:07:38 [notice] 32#32: exit
2022/09/28 00:07:38 [notice] 45#45: exit
2022/09/28 00:07:38 [notice] 35#35: exit
2022/09/28 00:07:38 [notice] 41#41: exit
2022/09/28 00:07:38 [notice] 42#42: gracefully shutting down
2022/09/28 00:07:38 [notice] 42#42: exiting
2022/09/28 00:07:38 [notice] 42#42: exit
2022/09/28 00:07:38 [notice] 37#37: gracefully shutting down
2022/09/28 00:07:38 [notice] 37#37: exiting
2022/09/28 00:07:38 [notice] 37#37: exit
2022/09/28 00:07:38 [notice] 1#1: signal 17 (SIGCHLD) received from 43
2022/09/28 00:07:38 [notice] 1#1: worker process 35 exited with code 0
2022/09/28 00:07:38 [notice] 1#1: worker process 43 exited with code 0
2022/09/28 00:07:38 [notice] 1#1: signal 29 (SIGIO) received
2022/09/28 00:07:38 [notice] 1#1: signal 17 (SIGCHLD) received from 32
2022/09/28 00:07:38 [notice] 1#1: worker process 32 exited with code 0
2022/09/28 00:07:38 [notice] 1#1: worker process 37 exited with code 0
2022/09/28 00:07:38 [notice] 1#1: worker process 42 exited with code 0
2022/09/28 00:07:38 [notice] 1#1: signal 29 (SIGIO) received
2022/09/28 00:07:38 [notice] 1#1: signal 17 (SIGCHLD) received from 33
2022/09/28 00:07:38 [notice] 1#1: worker process 33 exited with code 0
2022/09/28 00:07:38 [notice] 1#1: signal 29 (SIGIO) received
2022/09/28 00:07:38 [notice] 1#1: signal 17 (SIGCHLD) received from 45
2022/09/28 00:07:38 [notice] 1#1: worker process 30 exited with code 0
2022/09/28 00:07:38 [notice] 1#1: worker process 31 exited with code 0
2022/09/28 00:07:38 [notice] 1#1: worker process 38 exited with code 0
2022/09/28 00:07:38 [notice] 1#1: worker process 44 exited with code 0
2022/09/28 00:07:38 [notice] 1#1: worker process 45 exited with code 0
2022/09/28 00:07:38 [notice] 1#1: signal 29 (SIGIO) received
2022/09/28 00:07:38 [notice] 1#1: signal 17 (SIGCHLD) received from 41
2022/09/28 00:07:38 [notice] 1#1: worker process 39 exited with code 0
2022/09/28 00:07:38 [notice] 1#1: worker process 41 exited with code 0
2022/09/28 00:07:38 [notice] 1#1: signal 29 (SIGIO) received
2022/09/28 00:07:38 [notice] 1#1: signal 17 (SIGCHLD) received from 40
2022/09/28 00:07:38 [notice] 1#1: worker process 34 exited with code 0
2022/09/28 00:07:38 [notice] 1#1: worker process 36 exited with code 0
2022/09/28 00:07:38 [notice] 1#1: worker process 40 exited with code 0
2022/09/28 00:07:38 [notice] 1#1: exit
2022/09/28 00:08:16 [notice] 1#1: using the "epoll" event method
2022/09/28 00:08:16 [notice] 1#1: nginx/1.21.5
2022/09/28 00:08:16 [notice] 1#1: built by gcc 10.2.1 20210110 (Debian 10.2.1-6) 
2022/09/28 00:08:16 [notice] 1#1: OS: Linux 5.10.16.3-microsoft-standard-WSL2
2022/09/28 00:08:16 [notice] 1#1: getrlimit(RLIMIT_NOFILE): 1048576:1048576
2022/09/28 00:08:16 [notice] 1#1: start worker processes
2022/09/28 00:08:16 [notice] 1#1: start worker process 30
2022/09/28 00:08:16 [notice] 1#1: start worker process 31
2022/09/28 00:08:16 [notice] 1#1: start worker process 32
2022/09/28 00:08:16 [notice] 1#1: start worker process 33
2022/09/28 00:08:16 [notice] 1#1: start worker process 34
2022/09/28 00:08:16 [notice] 1#1: start worker process 35
2022/09/28 00:08:16 [notice] 1#1: start worker process 36
2022/09/28 00:08:16 [notice] 1#1: start worker process 37
2022/09/28 00:08:16 [notice] 1#1: start worker process 38
2022/09/28 00:08:16 [notice] 1#1: start worker process 39
2022/09/28 00:08:16 [notice] 1#1: start worker process 40
2022/09/28 00:08:16 [notice] 1#1: start worker process 41
2022/09/28 00:08:16 [notice] 1#1: start worker process 42
2022/09/28 00:08:16 [notice] 1#1: start worker process 43
2022/09/28 00:08:16 [notice] 1#1: start worker process 44
2022/09/28 00:08:16 [notice] 1#1: start worker process 45
2022/09/28 00:09:03 [notice] 1#1: signal 3 (SIGQUIT) received, shutting down
2022/09/28 00:09:03 [notice] 30#30: gracefully shutting down
2022/09/28 00:09:03 [notice] 31#31: gracefully shutting down
2022/09/28 00:09:03 [notice] 32#32: gracefully shutting down
2022/09/28 00:09:03 [notice] 30#30: exiting
2022/09/28 00:09:03 [notice] 35#35: gracefully shutting down
2022/09/28 00:09:03 [notice] 34#34: gracefully shutting down
2022/09/28 00:09:03 [notice] 31#31: exiting
2022/09/28 00:09:03 [notice] 32#32: exiting
2022/09/28 00:09:03 [notice] 37#37: gracefully shutting down
2022/09/28 00:09:03 [notice] 33#33: gracefully shutting down
2022/09/28 00:09:03 [notice] 39#39: gracefully shutting down
2022/09/28 00:09:03 [notice] 35#35: exiting
2022/09/28 00:09:03 [notice] 34#34: exiting
2022/09/28 00:09:03 [notice] 30#30: exit
2022/09/28 00:09:03 [notice] 31#31: exit
2022/09/28 00:09:03 [notice] 40#40: gracefully shutting down
2022/09/28 00:09:03 [notice] 32#32: exit
2022/09/28 00:09:03 [notice] 37#37: exiting
2022/09/28 00:09:03 [notice] 33#33: exiting
2022/09/28 00:09:03 [notice] 39#39: exiting
2022/09/28 00:09:03 [notice] 35#35: exit
2022/09/28 00:09:03 [notice] 34#34: exit
2022/09/28 00:09:03 [notice] 40#40: exiting
2022/09/28 00:09:03 [notice] 37#37: exit
2022/09/28 00:09:03 [notice] 33#33: exit
2022/09/28 00:09:03 [notice] 39#39: exit
2022/09/28 00:09:03 [notice] 40#40: exit
2022/09/28 00:09:03 [notice] 45#45: gracefully shutting down
2022/09/28 00:09:03 [notice] 36#36: gracefully shutting down
2022/09/28 00:09:03 [notice] 45#45: exiting
2022/09/28 00:09:03 [notice] 36#36: exiting
2022/09/28 00:09:03 [notice] 36#36: exit
2022/09/28 00:09:03 [notice] 45#45: exit
2022/09/28 00:09:03 [notice] 43#43: gracefully shutting down
2022/09/28 00:09:03 [notice] 41#41: gracefully shutting down
2022/09/28 00:09:03 [notice] 38#38: gracefully shutting down
2022/09/28 00:09:03 [notice] 43#43: exiting
2022/09/28 00:09:03 [notice] 42#42: gracefully shutting down
2022/09/28 00:09:03 [notice] 38#38: exiting
2022/09/28 00:09:03 [notice] 41#41: exiting
2022/09/28 00:09:03 [notice] 42#42: exiting
2022/09/28 00:09:03 [notice] 43#43: exit
2022/09/28 00:09:03 [notice] 38#38: exit
2022/09/28 00:09:03 [notice] 41#41: exit
2022/09/28 00:09:03 [notice] 44#44: gracefully shutting down
2022/09/28 00:09:03 [notice] 42#42: exit
2022/09/28 00:09:03 [notice] 44#44: exiting
2022/09/28 00:09:03 [notice] 44#44: exit
2022/09/28 00:09:03 [notice] 1#1: signal 17 (SIGCHLD) received from 45
2022/09/28 00:09:03 [notice] 1#1: worker process 45 exited with code 0
2022/09/28 00:09:03 [notice] 1#1: signal 29 (SIGIO) received
2022/09/28 00:09:03 [notice] 1#1: signal 17 (SIGCHLD) received from 32
2022/09/28 00:09:03 [notice] 1#1: worker process 32 exited with code 0
2022/09/28 00:09:03 [notice] 1#1: signal 29 (SIGIO) received
2022/09/28 00:09:03 [notice] 1#1: signal 17 (SIGCHLD) received from 33
2022/09/28 00:09:03 [notice] 1#1: worker process 33 exited with code 0
2022/09/28 00:09:03 [notice] 1#1: signal 29 (SIGIO) received
2022/09/28 00:09:03 [notice] 1#1: signal 17 (SIGCHLD) received from 34
2022/09/28 00:09:03 [notice] 1#1: worker process 30 exited with code 0
2022/09/28 00:09:03 [notice] 1#1: worker process 34 exited with code 0
2022/09/28 00:09:03 [notice] 1#1: worker process 36 exited with code 0
2022/09/28 00:09:03 [notice] 1#1: worker process 40 exited with code 0
2022/09/28 00:09:03 [notice] 1#1: signal 29 (SIGIO) received
2022/09/28 00:09:03 [notice] 1#1: signal 17 (SIGCHLD) received from 30
2022/09/28 00:09:03 [notice] 1#1: worker process 43 exited with code 0
2022/09/28 00:09:03 [notice] 1#1: worker process 38 exited with code 0
2022/09/28 00:09:03 [notice] 1#1: signal 29 (SIGIO) received
2022/09/28 00:09:03 [notice] 1#1: signal 17 (SIGCHLD) received from 43
2022/09/28 00:09:03 [notice] 1#1: worker process 31 exited with code 0
2022/09/28 00:09:03 [notice] 1#1: signal 29 (SIGIO) received
2022/09/28 00:09:03 [notice] 1#1: signal 17 (SIGCHLD) received from 31
2022/09/28 00:09:03 [notice] 1#1: worker process 41 exited with code 0
2022/09/28 00:09:03 [notice] 1#1: signal 29 (SIGIO) received
2022/09/28 00:09:03 [notice] 1#1: signal 17 (SIGCHLD) received from 35
2022/09/28 00:09:03 [notice] 1#1: worker process 35 exited with code 0
2022/09/28 00:09:03 [notice] 1#1: signal 17 (SIGCHLD) received from 44
2022/09/28 00:09:03 [notice] 1#1: worker process 44 exited with code 0
2022/09/28 00:09:03 [notice] 1#1: signal 29 (SIGIO) received
2022/09/28 00:09:03 [notice] 1#1: signal 29 (SIGIO) received
2022/09/28 00:09:03 [notice] 1#1: signal 17 (SIGCHLD) received from 39
2022/09/28 00:09:03 [notice] 1#1: worker process 39 exited with code 0
2022/09/28 00:09:03 [notice] 1#1: signal 29 (SIGIO) received
2022/09/28 00:09:03 [notice] 1#1: signal 17 (SIGCHLD) received from 42
2022/09/28 00:09:03 [notice] 1#1: worker process 42 exited with code 0
2022/09/28 00:09:03 [notice] 1#1: signal 17 (SIGCHLD) received from 37
2022/09/28 00:09:03 [notice] 1#1: worker process 37 exited with code 0
2022/09/28 00:09:03 [notice] 1#1: exit
2022/09/28 00:10:27 [notice] 1#1: using the "epoll" event method
2022/09/28 00:10:27 [notice] 1#1: nginx/1.21.5
2022/09/28 00:10:27 [notice] 1#1: built by gcc 10.2.1 20210110 (Debian 10.2.1-6) 
2022/09/28 00:10:27 [notice] 1#1: OS: Linux 5.10.16.3-microsoft-standard-WSL2
2022/09/28 00:10:27 [notice] 1#1: getrlimit(RLIMIT_NOFILE): 1048576:1048576
2022/09/28 00:10:27 [notice] 1#1: start worker processes
2022/09/28 00:10:27 [notice] 1#1: start worker process 30
2022/09/28 00:10:27 [notice] 1#1: start worker process 31
2022/09/28 00:10:27 [notice] 1#1: start worker process 32
2022/09/28 00:10:27 [notice] 1#1: start worker process 33
2022/09/28 00:10:27 [notice] 1#1: start worker process 34
2022/09/28 00:10:27 [notice] 1#1: start worker process 35
2022/09/28 00:10:27 [notice] 1#1: start worker process 36
2022/09/28 00:10:27 [notice] 1#1: start worker process 37
2022/09/28 00:10:27 [notice] 1#1: start worker process 38
2022/09/28 00:10:27 [notice] 1#1: start worker process 39
2022/09/28 00:10:27 [notice] 1#1: start worker process 40
2022/09/28 00:10:27 [notice] 1#1: start worker process 41
2022/09/28 00:10:27 [notice] 1#1: start worker process 42
2022/09/28 00:10:27 [notice] 1#1: start worker process 43
2022/09/28 00:10:27 [notice] 1#1: start worker process 44
2022/09/28 00:10:27 [notice] 1#1: start worker process 45
2022/09/28 00:12:48 [notice] 1#1: signal 3 (SIGQUIT) received, shutting down
2022/09/28 00:12:48 [notice] 30#30: gracefully shutting down
2022/09/28 00:12:48 [notice] 31#31: gracefully shutting down
2022/09/28 00:12:48 [notice] 32#32: gracefully shutting down
2022/09/28 00:12:48 [notice] 33#33: gracefully shutting down
2022/09/28 00:12:48 [notice] 30#30: exiting
2022/09/28 00:12:48 [notice] 34#34: gracefully shutting down
2022/09/28 00:12:48 [notice] 31#31: exiting
2022/09/28 00:12:48 [notice] 32#32: exiting
2022/09/28 00:12:48 [notice] 35#35: gracefully shutting down
2022/09/28 00:12:48 [notice] 33#33: exiting
2022/09/28 00:12:48 [notice] 36#36: gracefully shutting down
2022/09/28 00:12:48 [notice] 34#34: exiting
2022/09/28 00:12:48 [notice] 37#37: gracefully shutting down
2022/09/28 00:12:48 [notice] 31#31: exit
2022/09/28 00:12:48 [notice] 30#30: exit
2022/09/28 00:12:48 [notice] 32#32: exit
2022/09/28 00:12:48 [notice] 35#35: exiting
2022/09/28 00:12:48 [notice] 39#39: gracefully shutting down
2022/09/28 00:12:48 [notice] 43#43: gracefully shutting down
2022/09/28 00:12:48 [notice] 36#36: exiting
2022/09/28 00:12:48 [notice] 33#33: exit
2022/09/28 00:12:48 [notice] 34#34: exit
2022/09/28 00:12:48 [notice] 37#37: exiting
2022/09/28 00:12:48 [notice] 40#40: gracefully shutting down
2022/09/28 00:12:48 [notice] 39#39: exiting
2022/09/28 00:12:48 [notice] 35#35: exit
2022/09/28 00:12:48 [notice] 38#38: gracefully shutting down
2022/09/28 00:12:48 [notice] 43#43: exiting
2022/09/28 00:12:48 [notice] 36#36: exit
2022/09/28 00:12:48 [notice] 37#37: exit
2022/09/28 00:12:48 [notice] 40#40: exiting
2022/09/28 00:12:48 [notice] 39#39: exit
2022/09/28 00:12:48 [notice] 38#38: exiting
2022/09/28 00:12:48 [notice] 43#43: exit
2022/09/28 00:12:48 [notice] 40#40: exit
2022/09/28 00:12:48 [notice] 38#38: exit
2022/09/28 00:12:48 [notice] 42#42: gracefully shutting down
2022/09/28 00:12:48 [notice] 42#42: exiting
2022/09/28 00:12:48 [notice] 45#45: gracefully shutting down
2022/09/28 00:12:48 [notice] 44#44: gracefully shutting down
2022/09/28 00:12:48 [notice] 41#41: gracefully shutting down
2022/09/28 00:12:48 [notice] 45#45: exiting
2022/09/28 00:12:48 [notice] 42#42: exit
2022/09/28 00:12:48 [notice] 44#44: exiting
2022/09/28 00:12:48 [notice] 45#45: exit
2022/09/28 00:12:48 [notice] 41#41: exiting
2022/09/28 00:12:48 [notice] 44#44: exit
2022/09/28 00:12:48 [notice] 41#41: exit
2022/09/28 00:12:48 [notice] 1#1: signal 17 (SIGCHLD) received from 43
2022/09/28 00:12:48 [notice] 1#1: worker process 43 exited with code 0
2022/09/28 00:12:48 [notice] 1#1: signal 29 (SIGIO) received
2022/09/28 00:12:48 [notice] 1#1: signal 17 (SIGCHLD) received from 38
2022/09/28 00:12:48 [notice] 1#1: worker process 38 exited with code 0
2022/09/28 00:12:48 [notice] 1#1: signal 29 (SIGIO) received
2022/09/28 00:12:48 [notice] 1#1: signal 17 (SIGCHLD) received from 32
2022/09/28 00:12:48 [notice] 1#1: worker process 32 exited with code 0
2022/09/28 00:12:48 [notice] 1#1: signal 29 (SIGIO) received
2022/09/28 00:12:48 [notice] 1#1: signal 17 (SIGCHLD) received from 40
2022/09/28 00:12:48 [notice] 1#1: worker process 36 exited with code 0
2022/09/28 00:12:48 [notice] 1#1: worker process 40 exited with code 0
2022/09/28 00:12:48 [notice] 1#1: worker process 41 exited with code 0
2022/09/28 00:12:48 [notice] 1#1: worker process 42 exited with code 0
2022/09/28 00:12:48 [notice] 1#1: signal 29 (SIGIO) received
2022/09/28 00:12:48 [notice] 1#1: signal 17 (SIGCHLD) received from 30
2022/09/28 00:12:48 [notice] 1#1: worker process 30 exited with code 0
2022/09/28 00:12:48 [notice] 1#1: worker process 37 exited with code 0
2022/09/28 00:12:48 [notice] 1#1: signal 29 (SIGIO) received
2022/09/28 00:12:48 [notice] 1#1: signal 17 (SIGCHLD) received from 37
2022/09/28 00:12:48 [notice] 1#1: signal 17 (SIGCHLD) received from 34
2022/09/28 00:12:48 [notice] 1#1: worker process 34 exited with code 0
2022/09/28 00:12:48 [notice] 1#1: signal 29 (SIGIO) received
2022/09/28 00:12:48 [notice] 1#1: signal 17 (SIGCHLD) received from 45
2022/09/28 00:12:48 [notice] 1#1: worker process 45 exited with code 0
2022/09/28 00:12:48 [notice] 1#1: signal 29 (SIGIO) received
2022/09/28 00:12:48 [notice] 1#1: signal 17 (SIGCHLD) received from 39
2022/09/28 00:12:48 [notice] 1#1: worker process 33 exited with code 0
2022/09/28 00:12:48 [notice] 1#1: worker process 39 exited with code 0
2022/09/28 00:12:48 [notice] 1#1: signal 29 (SIGIO) received
2022/09/28 00:12:48 [notice] 1#1: signal 17 (SIGCHLD) received from 44
2022/09/28 00:12:48 [notice] 1#1: worker process 44 exited with code 0
2022/09/28 00:12:48 [notice] 1#1: signal 29 (SIGIO) received
2022/09/28 00:12:48 [notice] 1#1: signal 17 (SIGCHLD) received from 31
2022/09/28 00:12:48 [notice] 1#1: worker process 31 exited with code 0
2022/09/28 00:12:48 [notice] 1#1: signal 29 (SIGIO) received
2022/09/28 00:12:48 [notice] 1#1: signal 17 (SIGCHLD) received from 35
2022/09/28 00:12:48 [notice] 1#1: worker process 35 exited with code 0
2022/09/28 00:12:48 [notice] 1#1: exit
2022/09/28 00:13:26 [notice] 1#1: using the "epoll" event method
2022/09/28 00:13:26 [notice] 1#1: nginx/1.21.5
2022/09/28 00:13:26 [notice] 1#1: built by gcc 10.2.1 20210110 (Debian 10.2.1-6) 
2022/09/28 00:13:26 [notice] 1#1: OS: Linux 5.10.16.3-microsoft-standard-WSL2
2022/09/28 00:13:26 [notice] 1#1: getrlimit(RLIMIT_NOFILE): 1048576:1048576
2022/09/28 00:13:26 [notice] 1#1: start worker processes
2022/09/28 00:13:26 [notice] 1#1: start worker process 30
2022/09/28 00:13:26 [notice] 1#1: start worker process 31
2022/09/28 00:13:26 [notice] 1#1: start worker process 32
2022/09/28 00:13:26 [notice] 1#1: start worker process 33
2022/09/28 00:13:26 [notice] 1#1: start worker process 34
2022/09/28 00:13:26 [notice] 1#1: start worker process 35
2022/09/28 00:13:26 [notice] 1#1: start worker process 36
2022/09/28 00:13:26 [notice] 1#1: start worker process 37
2022/09/28 00:13:26 [notice] 1#1: start worker process 38
2022/09/28 00:13:26 [notice] 1#1: start worker process 39
2022/09/28 00:13:26 [notice] 1#1: start worker process 40
2022/09/28 00:13:26 [notice] 1#1: start worker process 41
2022/09/28 00:13:26 [notice] 1#1: start worker process 42
2022/09/28 00:13:26 [notice] 1#1: start worker process 43
2022/09/28 00:13:26 [notice] 1#1: start worker process 44
2022/09/28 00:13:26 [notice] 1#1: start worker process 45
2022/09/28 00:15:32 [notice] 1#1: signal 3 (SIGQUIT) received, shutting down
2022/09/28 00:15:32 [notice] 30#30: gracefully shutting down
2022/09/28 00:15:32 [notice] 31#31: gracefully shutting down
2022/09/28 00:15:32 [notice] 32#32: gracefully shutting down
2022/09/28 00:15:32 [notice] 33#33: gracefully shutting down
2022/09/28 00:15:32 [notice] 34#34: gracefully shutting down
2022/09/28 00:15:32 [notice] 30#30: exiting
2022/09/28 00:15:32 [notice] 31#31: exiting
2022/09/28 00:15:32 [notice] 32#32: exiting
2022/09/28 00:15:32 [notice] 33#33: exiting
2022/09/28 00:15:32 [notice] 35#35: gracefully shutting down
2022/09/28 00:15:32 [notice] 34#34: exiting
2022/09/28 00:15:32 [notice] 36#36: gracefully shutting down
2022/09/28 00:15:32 [notice] 32#32: exit
2022/09/28 00:15:32 [notice] 31#31: exit
2022/09/28 00:15:32 [notice] 30#30: exit
2022/09/28 00:15:32 [notice] 33#33: exit
2022/09/28 00:15:32 [notice] 35#35: exiting
2022/09/28 00:15:32 [notice] 37#37: gracefully shutting down
2022/09/28 00:15:32 [notice] 34#34: exit
2022/09/28 00:15:32 [notice] 36#36: exiting
2022/09/28 00:15:32 [notice] 38#38: gracefully shutting down
2022/09/28 00:15:32 [notice] 39#39: gracefully shutting down
2022/09/28 00:15:32 [notice] 35#35: exit
2022/09/28 00:15:32 [notice] 40#40: gracefully shutting down
2022/09/28 00:15:32 [notice] 37#37: exiting
2022/09/28 00:15:32 [notice] 42#42: gracefully shutting down
2022/09/28 00:15:32 [notice] 41#41: gracefully shutting down
2022/09/28 00:15:32 [notice] 36#36: exit
2022/09/28 00:15:32 [notice] 44#44: gracefully shutting down
2022/09/28 00:15:32 [notice] 38#38: exiting
2022/09/28 00:15:32 [notice] 39#39: exiting
2022/09/28 00:15:32 [notice] 40#40: exiting
2022/09/28 00:15:32 [notice] 43#43: gracefully shutting down
2022/09/28 00:15:32 [notice] 41#41: exiting
2022/09/28 00:15:32 [notice] 42#42: exiting
2022/09/28 00:15:32 [notice] 37#37: exit
2022/09/28 00:15:32 [notice] 44#44: exiting
2022/09/28 00:15:32 [notice] 38#38: exit
2022/09/28 00:15:32 [notice] 39#39: exit
2022/09/28 00:15:32 [notice] 43#43: exiting
2022/09/28 00:15:32 [notice] 40#40: exit
2022/09/28 00:15:32 [notice] 41#41: exit
2022/09/28 00:15:32 [notice] 42#42: exit
2022/09/28 00:15:32 [notice] 44#44: exit
2022/09/28 00:15:32 [notice] 43#43: exit
2022/09/28 00:15:32 [notice] 45#45: gracefully shutting down
2022/09/28 00:15:32 [notice] 45#45: exiting
2022/09/28 00:15:32 [notice] 45#45: exit
2022/09/28 00:15:32 [notice] 1#1: signal 17 (SIGCHLD) received from 34
2022/09/28 00:15:32 [notice] 1#1: worker process 31 exited with code 0
2022/09/28 00:15:32 [notice] 1#1: worker process 34 exited with code 0
2022/09/28 00:15:32 [notice] 1#1: signal 29 (SIGIO) received
2022/09/28 00:15:32 [notice] 1#1: signal 17 (SIGCHLD) received from 32
2022/09/28 00:15:32 [notice] 1#1: worker process 32 exited with code 0
2022/09/28 00:15:32 [notice] 1#1: worker process 45 exited with code 0
2022/09/28 00:15:32 [notice] 1#1: signal 29 (SIGIO) received
2022/09/28 00:15:32 [notice] 1#1: signal 17 (SIGCHLD) received from 45
2022/09/28 00:15:33 [notice] 1#1: signal 17 (SIGCHLD) received from 43
2022/09/28 00:15:33 [notice] 1#1: worker process 43 exited with code 0
2022/09/28 00:15:33 [notice] 1#1: signal 29 (SIGIO) received
2022/09/28 00:15:33 [notice] 1#1: signal 17 (SIGCHLD) received from 40
2022/09/28 00:15:33 [notice] 1#1: worker process 40 exited with code 0
2022/09/28 00:15:33 [notice] 1#1: signal 29 (SIGIO) received
2022/09/28 00:15:33 [notice] 1#1: signal 17 (SIGCHLD) received from 35
2022/09/28 00:15:33 [notice] 1#1: worker process 35 exited with code 0
2022/09/28 00:15:33 [notice] 1#1: signal 29 (SIGIO) received
2022/09/28 00:15:33 [notice] 1#1: signal 17 (SIGCHLD) received from 37
2022/09/28 00:15:33 [notice] 1#1: worker process 36 exited with code 0
2022/09/28 00:15:33 [notice] 1#1: worker process 37 exited with code 0
2022/09/28 00:15:33 [notice] 1#1: signal 29 (SIGIO) received
2022/09/28 00:15:33 [notice] 1#1: signal 17 (SIGCHLD) received from 38
2022/09/28 00:15:33 [notice] 1#1: worker process 33 exited with code 0
2022/09/28 00:15:33 [notice] 1#1: worker process 38 exited with code 0
2022/09/28 00:15:33 [notice] 1#1: signal 29 (SIGIO) received
2022/09/28 00:15:33 [notice] 1#1: signal 17 (SIGCHLD) received from 39
2022/09/28 00:15:33 [notice] 1#1: worker process 39 exited with code 0
2022/09/28 00:15:33 [notice] 1#1: worker process 42 exited with code 0
2022/09/28 00:15:33 [notice] 1#1: signal 29 (SIGIO) received
2022/09/28 00:15:33 [notice] 1#1: signal 17 (SIGCHLD) received from 41
2022/09/28 00:15:33 [notice] 1#1: worker process 30 exited with code 0
2022/09/28 00:15:33 [notice] 1#1: worker process 41 exited with code 0
2022/09/28 00:15:33 [notice] 1#1: worker process 44 exited with code 0
2022/09/28 00:15:33 [notice] 1#1: exit
2022/09/28 00:15:36 [notice] 1#1: using the "epoll" event method
2022/09/28 00:15:36 [notice] 1#1: nginx/1.21.5
2022/09/28 00:15:36 [notice] 1#1: built by gcc 10.2.1 20210110 (Debian 10.2.1-6) 
2022/09/28 00:15:36 [notice] 1#1: OS: Linux 5.10.16.3-microsoft-standard-WSL2
2022/09/28 00:15:36 [notice] 1#1: getrlimit(RLIMIT_NOFILE): 1048576:1048576
2022/09/28 00:15:36 [notice] 1#1: start worker processes
2022/09/28 00:15:36 [notice] 1#1: start worker process 30
2022/09/28 00:15:36 [notice] 1#1: start worker process 31
2022/09/28 00:15:36 [notice] 1#1: start worker process 32
2022/09/28 00:15:36 [notice] 1#1: start worker process 33
2022/09/28 00:15:36 [notice] 1#1: start worker process 34
2022/09/28 00:15:36 [notice] 1#1: start worker process 35
2022/09/28 00:15:36 [notice] 1#1: start worker process 36
2022/09/28 00:15:36 [notice] 1#1: start worker process 37
2022/09/28 00:15:36 [notice] 1#1: start worker process 38
2022/09/28 00:15:36 [notice] 1#1: start worker process 39
2022/09/28 00:15:36 [notice] 1#1: start worker process 40
2022/09/28 00:15:36 [notice] 1#1: start worker process 41
2022/09/28 00:15:36 [notice] 1#1: start worker process 42
2022/09/28 00:15:36 [notice] 1#1: start worker process 43
2022/09/28 00:15:36 [notice] 1#1: start worker process 44
2022/09/28 00:15:36 [notice] 1#1: start worker process 45
2022/09/28 00:17:03 [notice] 1#1: signal 3 (SIGQUIT) received, shutting down
2022/09/28 00:17:03 [notice] 30#30: gracefully shutting down
2022/09/28 00:17:03 [notice] 31#31: gracefully shutting down
2022/09/28 00:17:03 [notice] 32#32: gracefully shutting down
2022/09/28 00:17:03 [notice] 33#33: gracefully shutting down
2022/09/28 00:17:03 [notice] 30#30: exiting
2022/09/28 00:17:03 [notice] 31#31: exiting
2022/09/28 00:17:03 [notice] 33#33: exiting
2022/09/28 00:17:03 [notice] 35#35: gracefully shutting down
2022/09/28 00:17:03 [notice] 32#32: exiting
2022/09/28 00:17:03 [notice] 34#34: gracefully shutting down
2022/09/28 00:17:03 [notice] 36#36: gracefully shutting down
2022/09/28 00:17:03 [notice] 30#30: exit
2022/09/28 00:17:03 [notice] 33#33: exit
2022/09/28 00:17:03 [notice] 31#31: exit
2022/09/28 00:17:03 [notice] 35#35: exiting
2022/09/28 00:17:03 [notice] 32#32: exit
2022/09/28 00:17:03 [notice] 37#37: gracefully shutting down
2022/09/28 00:17:03 [notice] 34#34: exiting
2022/09/28 00:17:03 [notice] 36#36: exiting
2022/09/28 00:17:03 [notice] 38#38: gracefully shutting down
2022/09/28 00:17:03 [notice] 39#39: gracefully shutting down
2022/09/28 00:17:03 [notice] 35#35: exit
2022/09/28 00:17:03 [notice] 37#37: exiting
2022/09/28 00:17:03 [notice] 41#41: gracefully shutting down
2022/09/28 00:17:03 [notice] 34#34: exit
2022/09/28 00:17:03 [notice] 36#36: exit
2022/09/28 00:17:03 [notice] 38#38: exiting
2022/09/28 00:17:03 [notice] 39#39: exiting
2022/09/28 00:17:03 [notice] 37#37: exit
2022/09/28 00:17:03 [notice] 41#41: exiting
2022/09/28 00:17:03 [notice] 38#38: exit
2022/09/28 00:17:03 [notice] 39#39: exit
2022/09/28 00:17:03 [notice] 41#41: exit
2022/09/28 00:17:03 [notice] 42#42: gracefully shutting down
2022/09/28 00:17:03 [notice] 45#45: gracefully shutting down
2022/09/28 00:17:03 [notice] 43#43: gracefully shutting down
2022/09/28 00:17:03 [notice] 44#44: gracefully shutting down
2022/09/28 00:17:03 [notice] 45#45: exiting
2022/09/28 00:17:03 [notice] 42#42: exiting
2022/09/28 00:17:03 [notice] 40#40: gracefully shutting down
2022/09/28 00:17:03 [notice] 43#43: exiting
2022/09/28 00:17:03 [notice] 44#44: exiting
2022/09/28 00:17:03 [notice] 45#45: exit
2022/09/28 00:17:03 [notice] 42#42: exit
2022/09/28 00:17:03 [notice] 43#43: exit
2022/09/28 00:17:03 [notice] 44#44: exit
2022/09/28 00:17:03 [notice] 40#40: exiting
2022/09/28 00:17:03 [notice] 40#40: exit
2022/09/28 00:17:03 [notice] 1#1: signal 17 (SIGCHLD) received from 45
2022/09/28 00:17:03 [notice] 1#1: worker process 41 exited with code 0
2022/09/28 00:17:03 [notice] 1#1: worker process 45 exited with code 0
2022/09/28 00:17:03 [notice] 1#1: signal 29 (SIGIO) received
2022/09/28 00:17:03 [notice] 1#1: signal 17 (SIGCHLD) received from 41
2022/09/28 00:17:03 [notice] 1#1: signal 17 (SIGCHLD) received from 44
2022/09/28 00:17:03 [notice] 1#1: worker process 44 exited with code 0
2022/09/28 00:17:03 [notice] 1#1: signal 29 (SIGIO) received
2022/09/28 00:17:03 [notice] 1#1: signal 17 (SIGCHLD) received from 35
2022/09/28 00:17:03 [notice] 1#1: worker process 35 exited with code 0
2022/09/28 00:17:03 [notice] 1#1: signal 29 (SIGIO) received
2022/09/28 00:17:03 [notice] 1#1: signal 17 (SIGCHLD) received from 34
2022/09/28 00:17:03 [notice] 1#1: worker process 30 exited with code 0
2022/09/28 00:17:03 [notice] 1#1: worker process 31 exited with code 0
2022/09/28 00:17:03 [notice] 1#1: worker process 32 exited with code 0
2022/09/28 00:17:03 [notice] 1#1: worker process 33 exited with code 0
2022/09/28 00:17:03 [notice] 1#1: worker process 34 exited with code 0
2022/09/28 00:17:03 [notice] 1#1: worker process 37 exited with code 0
2022/09/28 00:17:03 [notice] 1#1: worker process 38 exited with code 0
2022/09/28 00:17:03 [notice] 1#1: worker process 40 exited with code 0
2022/09/28 00:17:03 [notice] 1#1: worker process 42 exited with code 0
2022/09/28 00:17:03 [notice] 1#1: signal 29 (SIGIO) received
2022/09/28 00:17:03 [notice] 1#1: signal 17 (SIGCHLD) received from 30
2022/09/28 00:17:03 [notice] 1#1: worker process 43 exited with code 0
2022/09/28 00:17:03 [notice] 1#1: signal 29 (SIGIO) received
2022/09/28 00:17:03 [notice] 1#1: signal 17 (SIGCHLD) received from 36
2022/09/28 00:17:03 [notice] 1#1: worker process 36 exited with code 0
2022/09/28 00:17:03 [notice] 1#1: signal 29 (SIGIO) received
2022/09/28 00:17:03 [notice] 1#1: signal 17 (SIGCHLD) received from 39
2022/09/28 00:17:03 [notice] 1#1: worker process 39 exited with code 0
2022/09/28 00:17:03 [notice] 1#1: exit
2022/09/28 11:03:35 [notice] 1#1: using the "epoll" event method
2022/09/28 11:03:35 [notice] 1#1: nginx/1.21.5
2022/09/28 11:03:35 [notice] 1#1: built by gcc 10.2.1 20210110 (Debian 10.2.1-6) 
2022/09/28 11:03:35 [notice] 1#1: OS: Linux 5.10.16.3-microsoft-standard-WSL2
2022/09/28 11:03:35 [notice] 1#1: getrlimit(RLIMIT_NOFILE): 1048576:1048576
2022/09/28 11:03:35 [notice] 1#1: start worker processes
2022/09/28 11:03:35 [notice] 1#1: start worker process 30
2022/09/28 11:03:35 [notice] 1#1: start worker process 31
2022/09/28 11:03:35 [notice] 1#1: start worker process 32
2022/09/28 11:03:35 [notice] 1#1: start worker process 33
2022/09/28 11:03:35 [notice] 1#1: start worker process 34
2022/09/28 11:03:35 [notice] 1#1: start worker process 35
2022/09/28 11:03:35 [notice] 1#1: start worker process 36
2022/09/28 11:03:35 [notice] 1#1: start worker process 37
2022/09/28 11:03:35 [notice] 1#1: start worker process 38
2022/09/28 11:03:35 [notice] 1#1: start worker process 39
2022/09/28 11:03:35 [notice] 1#1: start worker process 40
2022/09/28 11:03:35 [notice] 1#1: start worker process 41
2022/09/28 11:03:35 [notice] 1#1: start worker process 42
2022/09/28 11:03:35 [notice] 1#1: start worker process 43
2022/09/28 11:03:35 [notice] 1#1: start worker process 44
2022/09/28 11:03:35 [notice] 1#1: start worker process 45
2022/09/28 11:15:37 [notice] 1#1: signal 3 (SIGQUIT) received, shutting down
2022/09/28 11:15:37 [notice] 30#30: gracefully shutting down
2022/09/28 11:15:37 [notice] 32#32: gracefully shutting down
2022/09/28 11:15:37 [notice] 33#33: gracefully shutting down
2022/09/28 11:15:37 [notice] 34#34: gracefully shutting down
2022/09/28 11:15:37 [notice] 30#30: exiting
2022/09/28 11:15:37 [notice] 35#35: gracefully shutting down
2022/09/28 11:15:37 [notice] 32#32: exiting
2022/09/28 11:15:37 [notice] 33#33: exiting
2022/09/28 11:15:37 [notice] 34#34: exiting
2022/09/28 11:15:37 [notice] 37#37: gracefully shutting down
2022/09/28 11:15:37 [notice] 35#35: exiting
2022/09/28 11:15:37 [notice] 30#30: exit
2022/09/28 11:15:37 [notice] 32#32: exit
2022/09/28 11:15:37 [notice] 39#39: gracefully shutting down
2022/09/28 11:15:37 [notice] 37#37: exiting
2022/09/28 11:15:37 [notice] 33#33: exit
2022/09/28 11:15:37 [notice] 34#34: exit
2022/09/28 11:15:37 [notice] 44#44: gracefully shutting down
2022/09/28 11:15:37 [notice] 35#35: exit
2022/09/28 11:15:37 [notice] 43#43: gracefully shutting down
2022/09/28 11:15:37 [notice] 39#39: exiting
2022/09/28 11:15:37 [notice] 37#37: exit
2022/09/28 11:15:37 [notice] 38#38: gracefully shutting down
2022/09/28 11:15:37 [notice] 44#44: exiting
2022/09/28 11:15:37 [notice] 43#43: exiting
2022/09/28 11:15:37 [notice] 39#39: exit
2022/09/28 11:15:37 [notice] 44#44: exit
2022/09/28 11:15:37 [notice] 31#31: gracefully shutting down
2022/09/28 11:15:37 [notice] 38#38: exiting
2022/09/28 11:15:37 [notice] 43#43: exit
2022/09/28 11:15:37 [notice] 38#38: exit
2022/09/28 11:15:37 [notice] 31#31: exiting
2022/09/28 11:15:37 [notice] 40#40: gracefully shutting down
2022/09/28 11:15:37 [notice] 36#36: gracefully shutting down
2022/09/28 11:15:37 [notice] 40#40: exiting
2022/09/28 11:15:37 [notice] 36#36: exiting
2022/09/28 11:15:37 [notice] 40#40: exit
2022/09/28 11:15:37 [notice] 45#45: gracefully shutting down
2022/09/28 11:15:37 [notice] 36#36: exit
2022/09/28 11:15:37 [notice] 45#45: exiting
2022/09/28 11:15:37 [notice] 45#45: exit
2022/09/28 11:15:37 [notice] 31#31: exit
2022/09/28 11:15:37 [notice] 42#42: gracefully shutting down
2022/09/28 11:15:37 [notice] 41#41: gracefully shutting down
2022/09/28 11:15:37 [notice] 42#42: exiting
2022/09/28 11:15:37 [notice] 41#41: exiting
2022/09/28 11:15:37 [notice] 42#42: exit
2022/09/28 11:15:37 [notice] 41#41: exit
2022/09/28 11:15:38 [notice] 1#1: signal 17 (SIGCHLD) received from 44
2022/09/28 11:15:38 [notice] 1#1: worker process 44 exited with code 0
2022/09/28 11:15:38 [notice] 1#1: signal 29 (SIGIO) received
2022/09/28 11:15:38 [notice] 1#1: signal 17 (SIGCHLD) received from 42
2022/09/28 11:15:38 [notice] 1#1: worker process 34 exited with code 0
2022/09/28 11:15:38 [notice] 1#1: worker process 30 exited with code 0
2022/09/28 11:15:38 [notice] 1#1: worker process 35 exited with code 0
2022/09/28 11:15:38 [notice] 1#1: worker process 42 exited with code 0
2022/09/28 11:15:38 [notice] 1#1: worker process 43 exited with code 0
2022/09/28 11:15:38 [notice] 1#1: signal 29 (SIGIO) received
2022/09/28 11:15:38 [notice] 1#1: signal 17 (SIGCHLD) received from 43
2022/09/28 11:15:38 [notice] 1#1: signal 17 (SIGCHLD) received from 41
2022/09/28 11:15:38 [notice] 1#1: worker process 36 exited with code 0
2022/09/28 11:15:38 [notice] 1#1: worker process 37 exited with code 0
2022/09/28 11:15:38 [notice] 1#1: worker process 38 exited with code 0
2022/09/28 11:15:38 [notice] 1#1: worker process 39 exited with code 0
2022/09/28 11:15:38 [notice] 1#1: worker process 40 exited with code 0
2022/09/28 11:15:38 [notice] 1#1: worker process 41 exited with code 0
2022/09/28 11:15:38 [notice] 1#1: signal 29 (SIGIO) received
2022/09/28 11:15:38 [notice] 1#1: signal 17 (SIGCHLD) received from 40
2022/09/28 11:15:38 [notice] 1#1: signal 17 (SIGCHLD) received from 33
2022/09/28 11:15:38 [notice] 1#1: worker process 33 exited with code 0
2022/09/28 11:15:38 [notice] 1#1: signal 29 (SIGIO) received
2022/09/28 11:15:38 [notice] 1#1: signal 17 (SIGCHLD) received from 45
2022/09/28 11:15:38 [notice] 1#1: worker process 45 exited with code 0
2022/09/28 11:15:38 [notice] 1#1: signal 29 (SIGIO) received
2022/09/28 11:15:38 [notice] 1#1: signal 17 (SIGCHLD) received from 31
2022/09/28 11:15:38 [notice] 1#1: worker process 31 exited with code 0
2022/09/28 11:15:38 [notice] 1#1: worker process 32 exited with code 0
2022/09/28 11:15:38 [notice] 1#1: exit
2022/09/28 12:00:38 [notice] 1#1: using the "epoll" event method
2022/09/28 12:00:38 [notice] 1#1: nginx/1.21.5
2022/09/28 12:00:38 [notice] 1#1: built by gcc 10.2.1 20210110 (Debian 10.2.1-6) 
2022/09/28 12:00:38 [notice] 1#1: OS: Linux 5.10.16.3-microsoft-standard-WSL2
2022/09/28 12:00:38 [notice] 1#1: getrlimit(RLIMIT_NOFILE): 1048576:1048576
2022/09/28 12:00:38 [notice] 1#1: start worker processes
2022/09/28 12:00:38 [notice] 1#1: start worker process 30
2022/09/28 12:00:38 [notice] 1#1: start worker process 31
2022/09/28 12:00:38 [notice] 1#1: start worker process 32
2022/09/28 12:00:38 [notice] 1#1: start worker process 33
2022/09/28 12:00:38 [notice] 1#1: start worker process 34
2022/09/28 12:00:38 [notice] 1#1: start worker process 35
2022/09/28 12:00:38 [notice] 1#1: start worker process 36
2022/09/28 12:00:38 [notice] 1#1: start worker process 37
2022/09/28 12:00:38 [notice] 1#1: start worker process 38
2022/09/28 12:00:38 [notice] 1#1: start worker process 39
2022/09/28 12:00:38 [notice] 1#1: start worker process 40
2022/09/28 12:00:38 [notice] 1#1: start worker process 41
2022/09/28 12:00:38 [notice] 1#1: start worker process 42
2022/09/28 12:00:38 [notice] 1#1: start worker process 43
2022/09/28 12:00:38 [notice] 1#1: start worker process 44
2022/09/28 12:00:38 [notice] 1#1: start worker process 45
2022/09/28 12:06:00 [notice] 1#1: signal 3 (SIGQUIT) received, shutting down
2022/09/28 12:06:00 [notice] 30#30: gracefully shutting down
2022/09/28 12:06:00 [notice] 30#30: exiting
2022/09/28 12:06:00 [notice] 30#30: exit
2022/09/28 12:06:00 [notice] 31#31: gracefully shutting down
2022/09/28 12:06:00 [notice] 43#43: gracefully shutting down
2022/09/28 12:06:00 [notice] 35#35: gracefully shutting down
2022/09/28 12:06:00 [notice] 31#31: exiting
2022/09/28 12:06:00 [notice] 43#43: exiting
2022/09/28 12:06:00 [notice] 35#35: exiting
2022/09/28 12:06:00 [notice] 31#31: exit
2022/09/28 12:06:00 [notice] 43#43: exit
2022/09/28 12:06:00 [notice] 35#35: exit
2022/09/28 12:06:00 [notice] 33#33: gracefully shutting down
2022/09/28 12:06:00 [notice] 33#33: exiting
2022/09/28 12:06:00 [notice] 33#33: exit
2022/09/28 12:06:00 [notice] 44#44: gracefully shutting down
2022/09/28 12:06:00 [notice] 37#37: gracefully shutting down
2022/09/28 12:06:00 [notice] 44#44: exiting
2022/09/28 12:06:00 [notice] 34#34: gracefully shutting down
2022/09/28 12:06:00 [notice] 37#37: exiting
2022/09/28 12:06:00 [notice] 44#44: exit
2022/09/28 12:06:00 [notice] 34#34: exiting
2022/09/28 12:06:00 [notice] 37#37: exit
2022/09/28 12:06:00 [notice] 39#39: gracefully shutting down
2022/09/28 12:06:00 [notice] 34#34: exit
2022/09/28 12:06:00 [notice] 38#38: gracefully shutting down
2022/09/28 12:06:00 [notice] 39#39: exiting
2022/09/28 12:06:00 [notice] 38#38: exiting
2022/09/28 12:06:00 [notice] 39#39: exit
2022/09/28 12:06:00 [notice] 38#38: exit
2022/09/28 12:06:00 [notice] 32#32: gracefully shutting down
2022/09/28 12:06:00 [notice] 32#32: exiting
2022/09/28 12:06:00 [notice] 42#42: gracefully shutting down
2022/09/28 12:06:00 [notice] 32#32: exit
2022/09/28 12:06:00 [notice] 42#42: exiting
2022/09/28 12:06:00 [notice] 40#40: gracefully shutting down
2022/09/28 12:06:00 [notice] 45#45: gracefully shutting down
2022/09/28 12:06:00 [notice] 41#41: gracefully shutting down
2022/09/28 12:06:00 [notice] 40#40: exiting
2022/09/28 12:06:00 [notice] 45#45: exiting
2022/09/28 12:06:00 [notice] 36#36: gracefully shutting down
2022/09/28 12:06:00 [notice] 41#41: exiting
2022/09/28 12:06:00 [notice] 45#45: exit
2022/09/28 12:06:00 [notice] 40#40: exit
2022/09/28 12:06:00 [notice] 41#41: exit
2022/09/28 12:06:00 [notice] 36#36: exiting
2022/09/28 12:06:00 [notice] 36#36: exit
2022/09/28 12:06:00 [notice] 42#42: exit
2022/09/28 12:06:00 [notice] 1#1: signal 17 (SIGCHLD) received from 32
2022/09/28 12:06:00 [notice] 1#1: worker process 32 exited with code 0
2022/09/28 12:06:00 [notice] 1#1: signal 29 (SIGIO) received
2022/09/28 12:06:00 [notice] 1#1: signal 17 (SIGCHLD) received from 38
2022/09/28 12:06:00 [notice] 1#1: worker process 31 exited with code 0
2022/09/28 12:06:00 [notice] 1#1: worker process 35 exited with code 0
2022/09/28 12:06:00 [notice] 1#1: worker process 36 exited with code 0
2022/09/28 12:06:00 [notice] 1#1: worker process 37 exited with code 0
2022/09/28 12:06:00 [notice] 1#1: worker process 38 exited with code 0
2022/09/28 12:06:00 [notice] 1#1: worker process 42 exited with code 0
2022/09/28 12:06:00 [notice] 1#1: worker process 45 exited with code 0
2022/09/28 12:06:00 [notice] 1#1: signal 29 (SIGIO) received
2022/09/28 12:06:00 [notice] 1#1: signal 17 (SIGCHLD) received from 37
2022/09/28 12:06:00 [notice] 1#1: signal 17 (SIGCHLD) received from 33
2022/09/28 12:06:00 [notice] 1#1: worker process 33 exited with code 0
2022/09/28 12:06:00 [notice] 1#1: signal 29 (SIGIO) received
2022/09/28 12:06:00 [notice] 1#1: signal 17 (SIGCHLD) received from 39
2022/09/28 12:06:00 [notice] 1#1: worker process 39 exited with code 0
2022/09/28 12:06:00 [notice] 1#1: signal 29 (SIGIO) received
2022/09/28 12:06:00 [notice] 1#1: signal 17 (SIGCHLD) received from 41
2022/09/28 12:06:00 [notice] 1#1: worker process 30 exited with code 0
2022/09/28 12:06:00 [notice] 1#1: worker process 41 exited with code 0
2022/09/28 12:06:00 [notice] 1#1: signal 29 (SIGIO) received
2022/09/28 12:06:00 [notice] 1#1: signal 17 (SIGCHLD) received from 44
2022/09/28 12:06:00 [notice] 1#1: worker process 44 exited with code 0
2022/09/28 12:06:00 [notice] 1#1: signal 29 (SIGIO) received
2022/09/28 12:06:00 [notice] 1#1: signal 17 (SIGCHLD) received from 40
2022/09/28 12:06:00 [notice] 1#1: worker process 34 exited with code 0
2022/09/28 12:06:00 [notice] 1#1: worker process 40 exited with code 0
2022/09/28 12:06:00 [notice] 1#1: worker process 43 exited with code 0
2022/09/28 12:06:00 [notice] 1#1: exit
2022/09/28 12:06:30 [notice] 1#1: using the "epoll" event method
2022/09/28 12:06:30 [notice] 1#1: nginx/1.21.5
2022/09/28 12:06:30 [notice] 1#1: built by gcc 10.2.1 20210110 (Debian 10.2.1-6) 
2022/09/28 12:06:30 [notice] 1#1: OS: Linux 5.10.16.3-microsoft-standard-WSL2
2022/09/28 12:06:30 [notice] 1#1: getrlimit(RLIMIT_NOFILE): 1048576:1048576
2022/09/28 12:06:30 [notice] 1#1: start worker processes
2022/09/28 12:06:30 [notice] 1#1: start worker process 30
2022/09/28 12:06:30 [notice] 1#1: start worker process 31
2022/09/28 12:06:30 [notice] 1#1: start worker process 32
2022/09/28 12:06:30 [notice] 1#1: start worker process 33
2022/09/28 12:06:30 [notice] 1#1: start worker process 34
2022/09/28 12:06:30 [notice] 1#1: start worker process 35
2022/09/28 12:06:30 [notice] 1#1: start worker process 36
2022/09/28 12:06:30 [notice] 1#1: start worker process 37
2022/09/28 12:06:30 [notice] 1#1: start worker process 38
2022/09/28 12:06:30 [notice] 1#1: start worker process 39
2022/09/28 12:06:30 [notice] 1#1: start worker process 40
2022/09/28 12:06:30 [notice] 1#1: start worker process 41
2022/09/28 12:06:30 [notice] 1#1: start worker process 42
2022/09/28 12:06:30 [notice] 1#1: start worker process 43
2022/09/28 12:06:30 [notice] 1#1: start worker process 44
2022/09/28 12:06:30 [notice] 1#1: start worker process 45
2022/09/28 12:07:43 [error] 30#30: *1 open() "/var/www/html/NingxiTest/favicon.ico" failed (2: No such file or directory), client: 172.16.0.1, server: localhost, request: "GET /favicon.ico HTTP/1.1", host: "localhost:8080", referrer: "http://localhost:8080/"
2022/09/28 12:08:12 [notice] 1#1: signal 3 (SIGQUIT) received, shutting down
2022/09/28 12:08:12 [notice] 30#30: gracefully shutting down
2022/09/28 12:08:12 [notice] 31#31: gracefully shutting down
2022/09/28 12:08:12 [notice] 33#33: gracefully shutting down
2022/09/28 12:08:12 [notice] 31#31: exiting
2022/09/28 12:08:12 [notice] 34#34: gracefully shutting down
2022/09/28 12:08:12 [notice] 33#33: exiting
2022/09/28 12:08:12 [notice] 35#35: gracefully shutting down
2022/09/28 12:08:12 [notice] 32#32: gracefully shutting down
2022/09/28 12:08:12 [notice] 36#36: gracefully shutting down
2022/09/28 12:08:12 [notice] 34#34: exiting
2022/09/28 12:08:12 [notice] 33#33: exit
2022/09/28 12:08:12 [notice] 31#31: exit
2022/09/28 12:08:12 [notice] 35#35: exiting
2022/09/28 12:08:12 [notice] 37#37: gracefully shutting down
2022/09/28 12:08:12 [notice] 30#30: exiting
2022/09/28 12:08:12 [notice] 36#36: exiting
2022/09/28 12:08:12 [notice] 38#38: gracefully shutting down
2022/09/28 12:08:12 [notice] 34#34: exit
2022/09/28 12:08:12 [notice] 35#35: exit
2022/09/28 12:08:12 [notice] 39#39: gracefully shutting down
2022/09/28 12:08:12 [notice] 37#37: exiting
2022/09/28 12:08:12 [notice] 40#40: gracefully shutting down
2022/09/28 12:08:12 [notice] 30#30: exit
2022/09/28 12:08:12 [notice] 42#42: gracefully shutting down
2022/09/28 12:08:12 [notice] 36#36: exit
2022/09/28 12:08:12 [notice] 38#38: exiting
2022/09/28 12:08:12 [notice] 39#39: exiting
2022/09/28 12:08:12 [notice] 37#37: exit
2022/09/28 12:08:12 [notice] 40#40: exiting
2022/09/28 12:08:12 [notice] 42#42: exiting
2022/09/28 12:08:12 [notice] 38#38: exit
2022/09/28 12:08:12 [notice] 39#39: exit
2022/09/28 12:08:12 [notice] 40#40: exit
2022/09/28 12:08:12 [notice] 43#43: gracefully shutting down
2022/09/28 12:08:12 [notice] 42#42: exit
2022/09/28 12:08:12 [notice] 43#43: exiting
2022/09/28 12:08:12 [notice] 43#43: exit
2022/09/28 12:08:12 [notice] 45#45: gracefully shutting down
2022/09/28 12:08:12 [notice] 41#41: gracefully shutting down
2022/09/28 12:08:12 [notice] 44#44: gracefully shutting down
2022/09/28 12:08:12 [notice] 41#41: exiting
2022/09/28 12:08:12 [notice] 32#32: exiting
2022/09/28 12:08:12 [notice] 45#45: exiting
2022/09/28 12:08:12 [notice] 41#41: exit
2022/09/28 12:08:12 [notice] 44#44: exiting
2022/09/28 12:08:12 [notice] 45#45: exit
2022/09/28 12:08:12 [notice] 32#32: exit
2022/09/28 12:08:12 [notice] 44#44: exit
2022/09/28 12:08:12 [notice] 1#1: signal 17 (SIGCHLD) received from 40
2022/09/28 12:08:12 [notice] 1#1: worker process 33 exited with code 0
2022/09/28 12:08:12 [notice] 1#1: worker process 39 exited with code 0
2022/09/28 12:08:12 [notice] 1#1: worker process 40 exited with code 0
2022/09/28 12:08:12 [notice] 1#1: signal 29 (SIGIO) received
2022/09/28 12:08:12 [notice] 1#1: signal 17 (SIGCHLD) received from 44
2022/09/28 12:08:12 [notice] 1#1: worker process 44 exited with code 0
2022/09/28 12:08:12 [notice] 1#1: signal 29 (SIGIO) received
2022/09/28 12:08:12 [notice] 1#1: signal 17 (SIGCHLD) received from 37
2022/09/28 12:08:12 [notice] 1#1: worker process 37 exited with code 0
2022/09/28 12:08:12 [notice] 1#1: worker process 38 exited with code 0
2022/09/28 12:08:12 [notice] 1#1: signal 29 (SIGIO) received
2022/09/28 12:08:12 [notice] 1#1: signal 17 (SIGCHLD) received from 34
2022/09/28 12:08:12 [notice] 1#1: worker process 31 exited with code 0
2022/09/28 12:08:12 [notice] 1#1: worker process 34 exited with code 0
2022/09/28 12:08:12 [notice] 1#1: worker process 43 exited with code 0
2022/09/28 12:08:12 [notice] 1#1: signal 29 (SIGIO) received
2022/09/28 12:08:12 [notice] 1#1: signal 17 (SIGCHLD) received from 32
2022/09/28 12:08:12 [notice] 1#1: worker process 32 exited with code 0
2022/09/28 12:08:12 [notice] 1#1: signal 29 (SIGIO) received
2022/09/28 12:08:12 [notice] 1#1: signal 17 (SIGCHLD) received from 36
2022/09/28 12:08:12 [notice] 1#1: worker process 36 exited with code 0
2022/09/28 12:08:12 [notice] 1#1: signal 29 (SIGIO) received
2022/09/28 12:08:12 [notice] 1#1: signal 17 (SIGCHLD) received from 35
2022/09/28 12:08:12 [notice] 1#1: worker process 30 exited with code 0
2022/09/28 12:08:12 [notice] 1#1: worker process 35 exited with code 0
2022/09/28 12:08:12 [notice] 1#1: worker process 45 exited with code 0
2022/09/28 12:08:12 [notice] 1#1: signal 29 (SIGIO) received
2022/09/28 12:08:12 [notice] 1#1: signal 17 (SIGCHLD) received from 30
2022/09/28 12:08:12 [notice] 1#1: worker process 41 exited with code 0
2022/09/28 12:08:12 [notice] 1#1: signal 29 (SIGIO) received
2022/09/28 12:08:12 [notice] 1#1: signal 17 (SIGCHLD) received from 42
2022/09/28 12:08:12 [notice] 1#1: worker process 42 exited with code 0
2022/09/28 12:08:12 [notice] 1#1: exit
2022/09/28 15:20:10 [notice] 1#1: using the "epoll" event method
2022/09/28 15:20:10 [notice] 1#1: nginx/1.21.5
2022/09/28 15:20:10 [notice] 1#1: built by gcc 10.2.1 20210110 (Debian 10.2.1-6) 
2022/09/28 15:20:10 [notice] 1#1: OS: Linux 5.10.16.3-microsoft-standard-WSL2
2022/09/28 15:20:10 [notice] 1#1: getrlimit(RLIMIT_NOFILE): 1048576:1048576
2022/09/28 15:20:10 [notice] 1#1: start worker processes
2022/09/28 15:20:10 [notice] 1#1: start worker process 30
2022/09/28 15:20:10 [notice] 1#1: start worker process 31
2022/09/28 15:20:10 [notice] 1#1: start worker process 32
2022/09/28 15:20:10 [notice] 1#1: start worker process 33
2022/09/28 15:20:10 [notice] 1#1: start worker process 34
2022/09/28 15:20:10 [notice] 1#1: start worker process 35
2022/09/28 15:20:10 [notice] 1#1: start worker process 36
2022/09/28 15:20:10 [notice] 1#1: start worker process 37
2022/09/28 15:20:10 [notice] 1#1: start worker process 38
2022/09/28 15:20:10 [notice] 1#1: start worker process 39
2022/09/28 15:20:10 [notice] 1#1: start worker process 40
2022/09/28 15:20:10 [notice] 1#1: start worker process 41
2022/09/28 15:20:10 [notice] 1#1: start worker process 42
2022/09/28 15:20:10 [notice] 1#1: start worker process 43
2022/09/28 15:20:10 [notice] 1#1: start worker process 44
2022/09/28 15:20:10 [notice] 1#1: start worker process 45
2022/09/28 15:20:15 [notice] 1#1: signal 3 (SIGQUIT) received, shutting down
2022/09/28 15:20:15 [notice] 32#32: gracefully shutting down
2022/09/28 15:20:15 [notice] 31#31: gracefully shutting down
2022/09/28 15:20:15 [notice] 30#30: gracefully shutting down
2022/09/28 15:20:15 [notice] 33#33: gracefully shutting down
2022/09/28 15:20:15 [notice] 34#34: gracefully shutting down
2022/09/28 15:20:15 [notice] 32#32: exiting
2022/09/28 15:20:15 [notice] 31#31: exiting
2022/09/28 15:20:15 [notice] 40#40: gracefully shutting down
2022/09/28 15:20:15 [notice] 42#42: gracefully shutting down
2022/09/28 15:20:15 [notice] 40#40: exiting
2022/09/28 15:20:15 [notice] 36#36: gracefully shutting down
2022/09/28 15:20:15 [notice] 45#45: gracefully shutting down
2022/09/28 15:20:15 [notice] 42#42: exiting
2022/09/28 15:20:15 [notice] 43#43: gracefully shutting down
2022/09/28 15:20:15 [notice] 31#31: exit
2022/09/28 15:20:15 [notice] 32#32: exit
2022/09/28 15:20:15 [notice] 36#36: exiting
2022/09/28 15:20:15 [notice] 45#45: exiting
2022/09/28 15:20:15 [notice] 40#40: exit
2022/09/28 15:20:15 [notice] 42#42: exit
2022/09/28 15:20:15 [notice] 43#43: exiting
2022/09/28 15:20:15 [notice] 45#45: exit
2022/09/28 15:20:15 [notice] 36#36: exit
2022/09/28 15:20:15 [notice] 43#43: exit
2022/09/28 15:20:15 [notice] 35#35: gracefully shutting down
2022/09/28 15:20:15 [notice] 35#35: exiting
2022/09/28 15:20:15 [notice] 30#30: exiting
2022/09/28 15:20:15 [notice] 38#38: gracefully shutting down
2022/09/28 15:20:15 [notice] 35#35: exit
2022/09/28 15:20:15 [notice] 38#38: exiting
2022/09/28 15:20:15 [notice] 33#33: exiting
2022/09/28 15:20:15 [notice] 37#37: gracefully shutting down
2022/09/28 15:20:15 [notice] 37#37: exiting
2022/09/28 15:20:15 [notice] 33#33: exit
2022/09/28 15:20:15 [notice] 39#39: gracefully shutting down
2022/09/28 15:20:15 [notice] 39#39: exiting
2022/09/28 15:20:15 [notice] 37#37: exit
2022/09/28 15:20:15 [notice] 39#39: exit
2022/09/28 15:20:15 [notice] 34#34: exiting
2022/09/28 15:20:15 [notice] 41#41: gracefully shutting down
2022/09/28 15:20:15 [notice] 30#30: exit
2022/09/28 15:20:15 [notice] 41#41: exiting
2022/09/28 15:20:15 [notice] 44#44: gracefully shutting down
2022/09/28 15:20:15 [notice] 34#34: exit
2022/09/28 15:20:15 [notice] 41#41: exit
2022/09/28 15:20:15 [notice] 44#44: exiting
2022/09/28 15:20:15 [notice] 38#38: exit
2022/09/28 15:20:15 [notice] 44#44: exit
2022/09/28 15:20:15 [notice] 1#1: signal 17 (SIGCHLD) received from 40
2022/09/28 15:20:15 [notice] 1#1: worker process 30 exited with code 0
2022/09/28 15:20:15 [notice] 1#1: worker process 34 exited with code 0
2022/09/28 15:20:15 [notice] 1#1: worker process 35 exited with code 0
2022/09/28 15:20:15 [notice] 1#1: worker process 40 exited with code 0
2022/09/28 15:20:15 [notice] 1#1: worker process 42 exited with code 0
2022/09/28 15:20:15 [notice] 1#1: worker process 45 exited with code 0
2022/09/28 15:20:15 [notice] 1#1: signal 29 (SIGIO) received
2022/09/28 15:20:15 [notice] 1#1: signal 17 (SIGCHLD) received from 33
2022/09/28 15:20:15 [notice] 1#1: worker process 33 exited with code 0
2022/09/28 15:20:15 [notice] 1#1: worker process 38 exited with code 0
2022/09/28 15:20:15 [notice] 1#1: signal 29 (SIGIO) received
2022/09/28 15:20:15 [notice] 1#1: signal 17 (SIGCHLD) received from 43
2022/09/28 15:20:15 [notice] 1#1: worker process 43 exited with code 0
2022/09/28 15:20:15 [notice] 1#1: signal 29 (SIGIO) received
2022/09/28 15:20:15 [notice] 1#1: signal 17 (SIGCHLD) received from 37
2022/09/28 15:20:15 [notice] 1#1: worker process 37 exited with code 0
2022/09/28 15:20:15 [notice] 1#1: worker process 44 exited with code 0
2022/09/28 15:20:15 [notice] 1#1: signal 29 (SIGIO) received
2022/09/28 15:20:15 [notice] 1#1: signal 17 (SIGCHLD) received from 39
2022/09/28 15:20:15 [notice] 1#1: worker process 36 exited with code 0
2022/09/28 15:20:15 [notice] 1#1: worker process 39 exited with code 0
2022/09/28 15:20:15 [notice] 1#1: worker process 41 exited with code 0
2022/09/28 15:20:15 [notice] 1#1: signal 29 (SIGIO) received
2022/09/28 15:20:15 [notice] 1#1: signal 17 (SIGCHLD) received from 32
2022/09/28 15:20:15 [notice] 1#1: worker process 31 exited with code 0
2022/09/28 15:20:15 [notice] 1#1: worker process 32 exited with code 0
2022/09/28 15:20:15 [notice] 1#1: exit
2022/09/29 07:50:51 [notice] 1#1: using the "epoll" event method
2022/09/29 07:50:51 [notice] 1#1: nginx/1.21.5
2022/09/29 07:50:51 [notice] 1#1: built by gcc 10.2.1 20210110 (Debian 10.2.1-6) 
2022/09/29 07:50:51 [notice] 1#1: OS: Linux 5.10.16.3-microsoft-standard-WSL2
2022/09/29 07:50:51 [notice] 1#1: getrlimit(RLIMIT_NOFILE): 1048576:1048576
2022/09/29 07:50:51 [notice] 1#1: start worker processes
2022/09/29 07:50:51 [notice] 1#1: start worker process 30
2022/09/29 07:50:51 [notice] 1#1: start worker process 31
2022/09/29 07:50:51 [notice] 1#1: start worker process 32
2022/09/29 07:50:51 [notice] 1#1: start worker process 33
2022/09/29 07:50:51 [notice] 1#1: start worker process 34
2022/09/29 07:50:51 [notice] 1#1: start worker process 35
2022/09/29 07:50:51 [notice] 1#1: start worker process 36
2022/09/29 07:50:51 [notice] 1#1: start worker process 37
2022/09/29 07:50:51 [notice] 1#1: start worker process 38
2022/09/29 07:50:51 [notice] 1#1: start worker process 39
2022/09/29 07:50:51 [notice] 1#1: start worker process 40
2022/09/29 07:50:51 [notice] 1#1: start worker process 41
2022/09/29 07:50:51 [notice] 1#1: start worker process 42
2022/09/29 07:50:51 [notice] 1#1: start worker process 43
2022/09/29 07:50:51 [notice] 1#1: start worker process 44
2022/09/29 07:50:51 [notice] 1#1: start worker process 45
2022/09/29 08:05:55 [notice] 1#1: signal 3 (SIGQUIT) received, shutting down
2022/09/29 08:05:55 [notice] 30#30: gracefully shutting down
2022/09/29 08:05:55 [notice] 30#30: exiting
2022/09/29 08:05:55 [notice] 32#32: gracefully shutting down
2022/09/29 08:05:55 [notice] 32#32: exiting
2022/09/29 08:05:55 [notice] 30#30: exit
2022/09/29 08:05:55 [notice] 32#32: exit
2022/09/29 08:05:55 [notice] 43#43: gracefully shutting down
2022/09/29 08:05:55 [notice] 33#33: gracefully shutting down
2022/09/29 08:05:55 [notice] 39#39: gracefully shutting down
2022/09/29 08:05:55 [notice] 43#43: exiting
2022/09/29 08:05:55 [notice] 34#34: gracefully shutting down
2022/09/29 08:05:55 [notice] 33#33: exiting
2022/09/29 08:05:55 [notice] 39#39: exiting
2022/09/29 08:05:55 [notice] 34#34: exiting
2022/09/29 08:05:55 [notice] 33#33: exit
2022/09/29 08:05:55 [notice] 43#43: exit
2022/09/29 08:05:55 [notice] 39#39: exit
2022/09/29 08:05:55 [notice] 42#42: gracefully shutting down
2022/09/29 08:05:55 [notice] 34#34: exit
2022/09/29 08:05:55 [notice] 42#42: exiting
2022/09/29 08:05:55 [notice] 31#31: gracefully shutting down
2022/09/29 08:05:55 [notice] 42#42: exit
2022/09/29 08:05:55 [notice] 31#31: exiting
2022/09/29 08:05:55 [notice] 37#37: gracefully shutting down
2022/09/29 08:05:55 [notice] 37#37: exiting
2022/09/29 08:05:55 [notice] 37#37: exit
2022/09/29 08:05:55 [notice] 31#31: exit
2022/09/29 08:05:55 [notice] 35#35: gracefully shutting down
2022/09/29 08:05:55 [notice] 38#38: gracefully shutting down
2022/09/29 08:05:55 [notice] 35#35: exiting
2022/09/29 08:05:55 [notice] 38#38: exiting
2022/09/29 08:05:55 [notice] 44#44: gracefully shutting down
2022/09/29 08:05:55 [notice] 40#40: gracefully shutting down
2022/09/29 08:05:55 [notice] 35#35: exit
2022/09/29 08:05:55 [notice] 41#41: gracefully shutting down
2022/09/29 08:05:55 [notice] 45#45: gracefully shutting down
2022/09/29 08:05:55 [notice] 44#44: exiting
2022/09/29 08:05:55 [notice] 38#38: exit
2022/09/29 08:05:55 [notice] 40#40: exiting
2022/09/29 08:05:55 [notice] 41#41: exiting
2022/09/29 08:05:55 [notice] 45#45: exiting
2022/09/29 08:05:55 [notice] 44#44: exit
2022/09/29 08:05:55 [notice] 40#40: exit
2022/09/29 08:05:55 [notice] 41#41: exit
2022/09/29 08:05:55 [notice] 45#45: exit
2022/09/29 08:05:55 [notice] 36#36: gracefully shutting down
2022/09/29 08:05:55 [notice] 36#36: exiting
2022/09/29 08:05:55 [notice] 36#36: exit
2022/09/29 08:05:55 [notice] 1#1: signal 17 (SIGCHLD) received from 39
2022/09/29 08:05:55 [notice] 1#1: worker process 39 exited with code 0
2022/09/29 08:05:55 [notice] 1#1: worker process 40 exited with code 0
2022/09/29 08:05:55 [notice] 1#1: signal 29 (SIGIO) received
2022/09/29 08:05:55 [notice] 1#1: signal 17 (SIGCHLD) received from 40
2022/09/29 08:05:55 [notice] 1#1: signal 17 (SIGCHLD) received from 32
2022/09/29 08:05:55 [notice] 1#1: worker process 32 exited with code 0
2022/09/29 08:05:55 [notice] 1#1: worker process 38 exited with code 0
2022/09/29 08:05:55 [notice] 1#1: signal 29 (SIGIO) received
2022/09/29 08:05:55 [notice] 1#1: signal 17 (SIGCHLD) received from 30
2022/09/29 08:05:55 [notice] 1#1: worker process 30 exited with code 0
2022/09/29 08:05:55 [notice] 1#1: worker process 35 exited with code 0
2022/09/29 08:05:55 [notice] 1#1: worker process 37 exited with code 0
2022/09/29 08:05:55 [notice] 1#1: signal 29 (SIGIO) received
2022/09/29 08:05:55 [notice] 1#1: signal 17 (SIGCHLD) received from 42
2022/09/29 08:05:55 [notice] 1#1: worker process 31 exited with code 0
2022/09/29 08:05:55 [notice] 1#1: worker process 42 exited with code 0
2022/09/29 08:05:55 [notice] 1#1: worker process 43 exited with code 0
2022/09/29 08:05:55 [notice] 1#1: worker process 45 exited with code 0
2022/09/29 08:05:55 [notice] 1#1: signal 29 (SIGIO) received
2022/09/29 08:05:55 [notice] 1#1: signal 17 (SIGCHLD) received from 45
2022/09/29 08:05:55 [notice] 1#1: worker process 44 exited with code 0
2022/09/29 08:05:55 [notice] 1#1: signal 29 (SIGIO) received
2022/09/29 08:05:55 [notice] 1#1: signal 17 (SIGCHLD) received from 34
2022/09/29 08:05:55 [notice] 1#1: worker process 34 exited with code 0
2022/09/29 08:05:55 [notice] 1#1: signal 29 (SIGIO) received
2022/09/29 08:05:55 [notice] 1#1: signal 17 (SIGCHLD) received from 41
2022/09/29 08:05:55 [notice] 1#1: worker process 41 exited with code 0
2022/09/29 08:05:55 [notice] 1#1: signal 29 (SIGIO) received
2022/09/29 08:05:55 [notice] 1#1: signal 17 (SIGCHLD) received from 33
2022/09/29 08:05:55 [notice] 1#1: worker process 33 exited with code 0
2022/09/29 08:05:55 [notice] 1#1: signal 17 (SIGCHLD) received from 36
2022/09/29 08:05:55 [notice] 1#1: worker process 36 exited with code 0
2022/09/29 08:05:55 [notice] 1#1: exit
