2022-09-27T15:43:10.301028Z 0 [Warning] [MY-010915] [Server] 'NO_ZERO_DATE', 'NO_ZERO_IN_DATE' and 'ERROR_FOR_DIVISION_BY_ZERO' sql modes should be used with strict mode. They will be merged with strict mode in a future release.
2022-09-27T15:43:10.301350Z 0 [System] [MY-013169] [Server] /usr/sbin/mysqld (mysqld 8.0.23) initializing of server in progress as process 43
2022-09-27T15:43:10.311752Z 1 [System] [MY-013576] [InnoDB] InnoDB initialization has started.
2022-09-27T15:43:10.781653Z 1 [System] [MY-013577] [InnoDB] InnoDB initialization has ended.
2022-09-27T15:43:12.297808Z 6 [Warning] [MY-010453] [Server] root@localhost is created with an empty password ! Please consider switching off the --initialize-insecure option.
2022-09-27T15:43:15.584267Z 0 [Warning] [MY-010915] [Server] 'NO_ZERO_DATE', 'NO_ZERO_IN_DATE' and 'ERROR_FOR_DIVISION_BY_ZERO' sql modes should be used with strict mode. They will be merged with strict mode in a future release.
2022-09-27T15:43:15.584424Z 0 [System] [MY-010116] [Server] /usr/sbin/mysqld (mysqld 8.0.23) starting as process 88
2022-09-27T15:43:15.596352Z 1 [System] [MY-013576] [InnoDB] InnoDB initialization has started.
2022-09-27T15:43:15.803095Z 1 [System] [MY-013577] [InnoDB] InnoDB initialization has ended.
2022-09-27T15:43:15.889699Z 0 [System] [MY-011323] [Server] X Plugin ready for connections. Socket: /var/run/mysqld/mysqlx.sock
2022-09-27T15:43:16.019914Z 0 [Warning] [MY-010068] [Server] CA certificate ca.pem is self signed.
2022-09-27T15:43:16.020123Z 0 [System] [MY-013602] [Server] Channel mysql_main configured to support TLS. Encrypted connections are now supported for this channel.
2022-09-27T15:43:16.022701Z 0 [Warning] [MY-011810] [Server] Insecure configuration for --pid-file: Location '/var/run/mysqld' in the path is accessible to all OS users. Consider choosing a different directory.
2022-09-27T15:43:16.039153Z 0 [System] [MY-010931] [Server] /usr/sbin/mysqld: ready for connections. Version: '8.0.23'  socket: '/var/run/mysqld/mysqld.sock'  port: 0  MySQL Community Server - GPL.
2022-09-27T15:43:18.029940Z 10 [System] [MY-013172] [Server] Received SHUTDOWN from user root. Shutting down mysqld (Version: 8.0.23).
2022-09-27T15:43:19.674033Z 0 [System] [MY-010910] [Server] /usr/sbin/mysqld: Shutdown complete (mysqld 8.0.23)  MySQL Community Server - GPL.
2022-09-27T15:43:20.247883Z 0 [Warning] [MY-010915] [Server] 'NO_ZERO_DATE', 'NO_ZERO_IN_DATE' and 'ERROR_FOR_DIVISION_BY_ZERO' sql modes should be used with strict mode. They will be merged with strict mode in a future release.
2022-09-27T15:43:20.247992Z 0 [System] [MY-010116] [Server] /usr/sbin/mysqld (mysqld 8.0.23) starting as process 1
2022-09-27T15:43:20.254184Z 1 [System] [MY-013576] [InnoDB] InnoDB initialization has started.
2022-09-27T15:43:20.422272Z 1 [System] [MY-013577] [InnoDB] InnoDB initialization has ended.
2022-09-27T15:43:20.507552Z 0 [System] [MY-011323] [Server] X Plugin ready for connections. Bind-address: '::' port: 33060, socket: /var/run/mysqld/mysqlx.sock
2022-09-27T15:43:20.593752Z 0 [Warning] [MY-010068] [Server] CA certificate ca.pem is self signed.
2022-09-27T15:43:20.593945Z 0 [System] [MY-013602] [Server] Channel mysql_main configured to support TLS. Encrypted connections are now supported for this channel.
2022-09-27T15:43:20.597266Z 0 [Warning] [MY-011810] [Server] Insecure configuration for --pid-file: Location '/var/run/mysqld' in the path is accessible to all OS users. Consider choosing a different directory.
2022-09-27T15:43:20.612256Z 0 [System] [MY-010931] [Server] /usr/sbin/mysqld: ready for connections. Version: '8.0.23'  socket: '/var/run/mysqld/mysqld.sock'  port: 3306  MySQL Community Server - GPL.
2022-09-27T15:48:06.979657Z 0 [System] [MY-013172] [Server] Received SHUTDOWN from user <via user signal>. Shutting down mysqld (Version: 8.0.23).
2022-09-27T15:48:07.991263Z 0 [System] [MY-010910] [Server] /usr/sbin/mysqld: Shutdown complete (mysqld 8.0.23)  MySQL Community Server - GPL.
2022-09-27T15:59:55.142199Z 0 [Warning] [MY-010915] [Server] 'NO_ZERO_DATE', 'NO_ZERO_IN_DATE' and 'ERROR_FOR_DIVISION_BY_ZERO' sql modes should be used with strict mode. They will be merged with strict mode in a future release.
2022-09-27T15:59:55.142277Z 0 [System] [MY-010116] [Server] /usr/sbin/mysqld (mysqld 8.0.23) starting as process 1
2022-09-27T15:59:55.150519Z 1 [System] [MY-013576] [InnoDB] InnoDB initialization has started.
2022-09-27T15:59:55.379676Z 1 [System] [MY-013577] [InnoDB] InnoDB initialization has ended.
2022-09-27T15:59:55.468238Z 0 [System] [MY-011323] [Server] X Plugin ready for connections. Bind-address: '::' port: 33060, socket: /var/run/mysqld/mysqlx.sock
2022-09-27T15:59:55.548414Z 0 [Warning] [MY-010068] [Server] CA certificate ca.pem is self signed.
2022-09-27T15:59:55.548623Z 0 [System] [MY-013602] [Server] Channel mysql_main configured to support TLS. Encrypted connections are now supported for this channel.
2022-09-27T15:59:55.552484Z 0 [Warning] [MY-011810] [Server] Insecure configuration for --pid-file: Location '/var/run/mysqld' in the path is accessible to all OS users. Consider choosing a different directory.
2022-09-27T15:59:55.569626Z 0 [System] [MY-010931] [Server] /usr/sbin/mysqld: ready for connections. Version: '8.0.23'  socket: '/var/run/mysqld/mysqld.sock'  port: 3306  MySQL Community Server - GPL.
2022-09-27T16:00:11.835898Z 0 [System] [MY-013172] [Server] Received SHUTDOWN from user <via user signal>. Shutting down mysqld (Version: 8.0.23).
2022-09-27T16:00:12.978659Z 0 [System] [MY-010910] [Server] /usr/sbin/mysqld: Shutdown complete (mysqld 8.0.23)  MySQL Community Server - GPL.
2022-09-27T16:06:20.781073Z 0 [Warning] [MY-010915] [Server] 'NO_ZERO_DATE', 'NO_ZERO_IN_DATE' and 'ERROR_FOR_DIVISION_BY_ZERO' sql modes should be used with strict mode. They will be merged with strict mode in a future release.
2022-09-27T16:06:20.781263Z 0 [System] [MY-010116] [Server] /usr/sbin/mysqld (mysqld 8.0.23) starting as process 1
2022-09-27T16:06:20.793522Z 1 [System] [MY-013576] [InnoDB] InnoDB initialization has started.
2022-09-27T16:06:21.047293Z 1 [System] [MY-013577] [InnoDB] InnoDB initialization has ended.
2022-09-27T16:06:21.129970Z 0 [System] [MY-011323] [Server] X Plugin ready for connections. Bind-address: '::' port: 33060, socket: /var/run/mysqld/mysqlx.sock
2022-09-27T16:06:21.212534Z 0 [Warning] [MY-010068] [Server] CA certificate ca.pem is self signed.
2022-09-27T16:06:21.212735Z 0 [System] [MY-013602] [Server] Channel mysql_main configured to support TLS. Encrypted connections are now supported for this channel.
2022-09-27T16:06:21.216022Z 0 [Warning] [MY-011810] [Server] Insecure configuration for --pid-file: Location '/var/run/mysqld' in the path is accessible to all OS users. Consider choosing a different directory.
2022-09-27T16:06:21.231598Z 0 [System] [MY-010931] [Server] /usr/sbin/mysqld: ready for connections. Version: '8.0.23'  socket: '/var/run/mysqld/mysqld.sock'  port: 3306  MySQL Community Server - GPL.
2022-09-27T16:07:49.180622Z 0 [System] [MY-013172] [Server] Received SHUTDOWN from user <via user signal>. Shutting down mysqld (Version: 8.0.23).
2022-09-27T16:07:50.660275Z 0 [System] [MY-010910] [Server] /usr/sbin/mysqld: Shutdown complete (mysqld 8.0.23)  MySQL Community Server - GPL.
2022-09-27T16:08:14.037660Z 0 [Warning] [MY-010915] [Server] 'NO_ZERO_DATE', 'NO_ZERO_IN_DATE' and 'ERROR_FOR_DIVISION_BY_ZERO' sql modes should be used with strict mode. They will be merged with strict mode in a future release.
2022-09-27T16:08:14.037750Z 0 [System] [MY-010116] [Server] /usr/sbin/mysqld (mysqld 8.0.23) starting as process 1
2022-09-27T16:08:14.044365Z 1 [System] [MY-013576] [InnoDB] InnoDB initialization has started.
2022-09-27T16:08:14.241740Z 1 [System] [MY-013577] [InnoDB] InnoDB initialization has ended.
2022-09-27T16:08:14.332453Z 0 [System] [MY-011323] [Server] X Plugin ready for connections. Bind-address: '::' port: 33060, socket: /var/run/mysqld/mysqlx.sock
2022-09-27T16:08:14.418419Z 0 [Warning] [MY-010068] [Server] CA certificate ca.pem is self signed.
2022-09-27T16:08:14.418783Z 0 [System] [MY-013602] [Server] Channel mysql_main configured to support TLS. Encrypted connections are now supported for this channel.
2022-09-27T16:08:14.421948Z 0 [Warning] [MY-011810] [Server] Insecure configuration for --pid-file: Location '/var/run/mysqld' in the path is accessible to all OS users. Consider choosing a different directory.
2022-09-27T16:08:14.442244Z 0 [System] [MY-010931] [Server] /usr/sbin/mysqld: ready for connections. Version: '8.0.23'  socket: '/var/run/mysqld/mysqld.sock'  port: 3306  MySQL Community Server - GPL.
2022-09-27T16:09:13.600434Z 0 [System] [MY-013172] [Server] Received SHUTDOWN from user <via user signal>. Shutting down mysqld (Version: 8.0.23).
2022-09-27T16:09:14.851815Z 0 [System] [MY-010910] [Server] /usr/sbin/mysqld: Shutdown complete (mysqld 8.0.23)  MySQL Community Server - GPL.
2022-09-27T16:10:24.845181Z 0 [Warning] [MY-010915] [Server] 'NO_ZERO_DATE', 'NO_ZERO_IN_DATE' and 'ERROR_FOR_DIVISION_BY_ZERO' sql modes should be used with strict mode. They will be merged with strict mode in a future release.
2022-09-27T16:10:24.845282Z 0 [System] [MY-010116] [Server] /usr/sbin/mysqld (mysqld 8.0.23) starting as process 1
2022-09-27T16:10:24.852518Z 1 [System] [MY-013576] [InnoDB] InnoDB initialization has started.
2022-09-27T16:10:25.031605Z 1 [System] [MY-013577] [InnoDB] InnoDB initialization has ended.
2022-09-27T16:10:25.139136Z 0 [System] [MY-011323] [Server] X Plugin ready for connections. Bind-address: '::' port: 33060, socket: /var/run/mysqld/mysqlx.sock
2022-09-27T16:10:25.239501Z 0 [Warning] [MY-010068] [Server] CA certificate ca.pem is self signed.
2022-09-27T16:10:25.239689Z 0 [System] [MY-013602] [Server] Channel mysql_main configured to support TLS. Encrypted connections are now supported for this channel.
2022-09-27T16:10:25.243095Z 0 [Warning] [MY-011810] [Server] Insecure configuration for --pid-file: Location '/var/run/mysqld' in the path is accessible to all OS users. Consider choosing a different directory.
2022-09-27T16:10:25.259605Z 0 [System] [MY-010931] [Server] /usr/sbin/mysqld: ready for connections. Version: '8.0.23'  socket: '/var/run/mysqld/mysqld.sock'  port: 3306  MySQL Community Server - GPL.
2022-09-27T16:12:58.480159Z 0 [System] [MY-013172] [Server] Received SHUTDOWN from user <via user signal>. Shutting down mysqld (Version: 8.0.23).
2022-09-27T16:12:59.428967Z 0 [System] [MY-010910] [Server] /usr/sbin/mysqld: Shutdown complete (mysqld 8.0.23)  MySQL Community Server - GPL.
2022-09-27T16:13:26.039821Z 0 [Warning] [MY-010915] [Server] 'NO_ZERO_DATE', 'NO_ZERO_IN_DATE' and 'ERROR_FOR_DIVISION_BY_ZERO' sql modes should be used with strict mode. They will be merged with strict mode in a future release.
2022-09-27T16:13:26.039911Z 0 [System] [MY-010116] [Server] /usr/sbin/mysqld (mysqld 8.0.23) starting as process 1
2022-09-27T16:13:26.046962Z 1 [System] [MY-013576] [InnoDB] InnoDB initialization has started.
2022-09-27T16:13:26.228107Z 1 [System] [MY-013577] [InnoDB] InnoDB initialization has ended.
2022-09-27T16:13:26.310409Z 0 [System] [MY-011323] [Server] X Plugin ready for connections. Bind-address: '::' port: 33060, socket: /var/run/mysqld/mysqlx.sock
2022-09-27T16:13:26.395740Z 0 [Warning] [MY-010068] [Server] CA certificate ca.pem is self signed.
2022-09-27T16:13:26.395922Z 0 [System] [MY-013602] [Server] Channel mysql_main configured to support TLS. Encrypted connections are now supported for this channel.
2022-09-27T16:13:26.399288Z 0 [Warning] [MY-011810] [Server] Insecure configuration for --pid-file: Location '/var/run/mysqld' in the path is accessible to all OS users. Consider choosing a different directory.
2022-09-27T16:13:26.414308Z 0 [System] [MY-010931] [Server] /usr/sbin/mysqld: ready for connections. Version: '8.0.23'  socket: '/var/run/mysqld/mysqld.sock'  port: 3306  MySQL Community Server - GPL.
2022-09-27T16:17:14.199691Z 0 [System] [MY-013172] [Server] Received SHUTDOWN from user <via user signal>. Shutting down mysqld (Version: 8.0.23).
2022-09-27T16:17:14.645666Z 0 [System] [MY-010910] [Server] /usr/sbin/mysqld: Shutdown complete (mysqld 8.0.23)  MySQL Community Server - GPL.
2022-09-28T03:03:35.444525Z 0 [Warning] [MY-010915] [Server] 'NO_ZERO_DATE', 'NO_ZERO_IN_DATE' and 'ERROR_FOR_DIVISION_BY_ZERO' sql modes should be used with strict mode. They will be merged with strict mode in a future release.
2022-09-28T03:03:35.444709Z 0 [System] [MY-010116] [Server] /usr/sbin/mysqld (mysqld 8.0.23) starting as process 1
2022-09-28T03:03:35.455938Z 1 [System] [MY-013576] [InnoDB] InnoDB initialization has started.
2022-09-28T03:03:35.689579Z 1 [System] [MY-013577] [InnoDB] InnoDB initialization has ended.
2022-09-28T03:03:35.831698Z 0 [System] [MY-011323] [Server] X Plugin ready for connections. Bind-address: '::' port: 33060, socket: /var/run/mysqld/mysqlx.sock
2022-09-28T03:03:35.928981Z 0 [Warning] [MY-010068] [Server] CA certificate ca.pem is self signed.
2022-09-28T03:03:35.929206Z 0 [System] [MY-013602] [Server] Channel mysql_main configured to support TLS. Encrypted connections are now supported for this channel.
2022-09-28T03:03:35.933026Z 0 [Warning] [MY-011810] [Server] Insecure configuration for --pid-file: Location '/var/run/mysqld' in the path is accessible to all OS users. Consider choosing a different directory.
2022-09-28T03:03:35.965865Z 0 [System] [MY-010931] [Server] /usr/sbin/mysqld: ready for connections. Version: '8.0.23'  socket: '/var/run/mysqld/mysqld.sock'  port: 3306  MySQL Community Server - GPL.
2022-09-28T03:15:48.519824Z 0 [System] [MY-013172] [Server] Received SHUTDOWN from user <via user signal>. Shutting down mysqld (Version: 8.0.23).
2022-09-28T03:15:49.236271Z 0 [System] [MY-010910] [Server] /usr/sbin/mysqld: Shutdown complete (mysqld 8.0.23)  MySQL Community Server - GPL.
2022-09-28T04:00:38.699065Z 0 [Warning] [MY-010915] [Server] 'NO_ZERO_DATE', 'NO_ZERO_IN_DATE' and 'ERROR_FOR_DIVISION_BY_ZERO' sql modes should be used with strict mode. They will be merged with strict mode in a future release.
2022-09-28T04:00:38.699162Z 0 [System] [MY-010116] [Server] /usr/sbin/mysqld (mysqld 8.0.23) starting as process 1
2022-09-28T04:00:38.711417Z 1 [System] [MY-013576] [InnoDB] InnoDB initialization has started.
2022-09-28T04:00:38.950221Z 1 [System] [MY-013577] [InnoDB] InnoDB initialization has ended.
2022-09-28T04:00:39.086007Z 0 [System] [MY-011323] [Server] X Plugin ready for connections. Bind-address: '::' port: 33060, socket: /var/run/mysqld/mysqlx.sock
2022-09-28T04:00:39.188410Z 0 [Warning] [MY-010068] [Server] CA certificate ca.pem is self signed.
2022-09-28T04:00:39.188701Z 0 [System] [MY-013602] [Server] Channel mysql_main configured to support TLS. Encrypted connections are now supported for this channel.
2022-09-28T04:00:39.192575Z 0 [Warning] [MY-011810] [Server] Insecure configuration for --pid-file: Location '/var/run/mysqld' in the path is accessible to all OS users. Consider choosing a different directory.
2022-09-28T04:00:39.239155Z 0 [System] [MY-010931] [Server] /usr/sbin/mysqld: ready for connections. Version: '8.0.23'  socket: '/var/run/mysqld/mysqld.sock'  port: 3306  MySQL Community Server - GPL.
2022-09-28T04:06:11.098349Z 0 [System] [MY-013172] [Server] Received SHUTDOWN from user <via user signal>. Shutting down mysqld (Version: 8.0.23).
2022-09-28T04:06:11.351227Z 0 [System] [MY-010910] [Server] /usr/sbin/mysqld: Shutdown complete (mysqld 8.0.23)  MySQL Community Server - GPL.
2022-09-28T04:06:29.552363Z 0 [Warning] [MY-010915] [Server] 'NO_ZERO_DATE', 'NO_ZERO_IN_DATE' and 'ERROR_FOR_DIVISION_BY_ZERO' sql modes should be used with strict mode. They will be merged with strict mode in a future release.
2022-09-28T04:06:29.552454Z 0 [System] [MY-010116] [Server] /usr/sbin/mysqld (mysqld 8.0.23) starting as process 1
2022-09-28T04:06:29.561272Z 1 [System] [MY-013576] [InnoDB] InnoDB initialization has started.
2022-09-28T04:06:29.757345Z 1 [System] [MY-013577] [InnoDB] InnoDB initialization has ended.
2022-09-28T04:06:29.840257Z 0 [System] [MY-011323] [Server] X Plugin ready for connections. Bind-address: '::' port: 33060, socket: /var/run/mysqld/mysqlx.sock
2022-09-28T04:06:29.925683Z 0 [Warning] [MY-010068] [Server] CA certificate ca.pem is self signed.
2022-09-28T04:06:29.925932Z 0 [System] [MY-013602] [Server] Channel mysql_main configured to support TLS. Encrypted connections are now supported for this channel.
2022-09-28T04:06:29.928998Z 0 [Warning] [MY-011810] [Server] Insecure configuration for --pid-file: Location '/var/run/mysqld' in the path is accessible to all OS users. Consider choosing a different directory.
2022-09-28T04:06:29.950335Z 0 [System] [MY-010931] [Server] /usr/sbin/mysqld: ready for connections. Version: '8.0.23'  socket: '/var/run/mysqld/mysqld.sock'  port: 3306  MySQL Community Server - GPL.
2022-09-28T04:08:22.568817Z 0 [System] [MY-013172] [Server] Received SHUTDOWN from user <via user signal>. Shutting down mysqld (Version: 8.0.23).
2022-09-28T04:08:23.376321Z 0 [System] [MY-010910] [Server] /usr/sbin/mysqld: Shutdown complete (mysqld 8.0.23)  MySQL Community Server - GPL.
2022-09-28T07:20:08.752562Z 0 [Warning] [MY-010915] [Server] 'NO_ZERO_DATE', 'NO_ZERO_IN_DATE' and 'ERROR_FOR_DIVISION_BY_ZERO' sql modes should be used with strict mode. They will be merged with strict mode in a future release.
2022-09-28T07:20:08.752812Z 0 [System] [MY-010116] [Server] /usr/sbin/mysqld (mysqld 8.0.23) starting as process 1
2022-09-28T07:20:08.767511Z 1 [System] [MY-013576] [InnoDB] InnoDB initialization has started.
2022-09-28T07:20:09.133647Z 1 [System] [MY-013577] [InnoDB] InnoDB initialization has ended.
2022-09-28T07:20:09.340781Z 0 [System] [MY-011323] [Server] X Plugin ready for connections. Bind-address: '::' port: 33060, socket: /var/run/mysqld/mysqlx.sock
2022-09-28T07:20:09.455875Z 0 [Warning] [MY-010068] [Server] CA certificate ca.pem is self signed.
2022-09-28T07:20:09.456090Z 0 [System] [MY-013602] [Server] Channel mysql_main configured to support TLS. Encrypted connections are now supported for this channel.
2022-09-28T07:20:09.459742Z 0 [Warning] [MY-011810] [Server] Insecure configuration for --pid-file: Location '/var/run/mysqld' in the path is accessible to all OS users. Consider choosing a different directory.
2022-09-28T07:20:09.490646Z 0 [System] [MY-010931] [Server] /usr/sbin/mysqld: ready for connections. Version: '8.0.23'  socket: '/var/run/mysqld/mysqld.sock'  port: 3306  MySQL Community Server - GPL.
2022-09-28T07:20:26.038043Z 0 [System] [MY-013172] [Server] Received SHUTDOWN from user <via user signal>. Shutting down mysqld (Version: 8.0.23).
2022-09-28T07:20:26.843258Z 0 [System] [MY-010910] [Server] /usr/sbin/mysqld: Shutdown complete (mysqld 8.0.23)  MySQL Community Server - GPL.
2022-09-29T00:05:29.010252Z 0 [Warning] [MY-010915] [Server] 'NO_ZERO_DATE', 'NO_ZERO_IN_DATE' and 'ERROR_FOR_DIVISION_BY_ZERO' sql modes should be used with strict mode. They will be merged with strict mode in a future release.
2022-09-29T00:05:29.010400Z 0 [System] [MY-010116] [Server] /usr/sbin/mysqld (mysqld 8.0.23) starting as process 1
2022-09-29T00:05:29.023108Z 1 [System] [MY-013576] [InnoDB] InnoDB initialization has started.
2022-09-29T00:05:29.376518Z 1 [System] [MY-013577] [InnoDB] InnoDB initialization has ended.
2022-09-29T00:05:29.614007Z 0 [System] [MY-011323] [Server] X Plugin ready for connections. Bind-address: '::' port: 33060, socket: /var/run/mysqld/mysqlx.sock
2022-09-29T00:05:29.753434Z 0 [Warning] [MY-010068] [Server] CA certificate ca.pem is self signed.
2022-09-29T00:05:29.753721Z 0 [System] [MY-013602] [Server] Channel mysql_main configured to support TLS. Encrypted connections are now supported for this channel.
2022-09-29T00:05:29.759728Z 0 [Warning] [MY-011810] [Server] Insecure configuration for --pid-file: Location '/var/run/mysqld' in the path is accessible to all OS users. Consider choosing a different directory.
2022-09-29T00:05:29.821692Z 0 [System] [MY-010931] [Server] /usr/sbin/mysqld: ready for connections. Version: '8.0.23'  socket: '/var/run/mysqld/mysqld.sock'  port: 3306  MySQL Community Server - GPL.
2022-09-29T00:06:05.776508Z 0 [System] [MY-013172] [Server] Received SHUTDOWN from user <via user signal>. Shutting down mysqld (Version: 8.0.23).
2022-09-29T00:06:07.139530Z 0 [System] [MY-010910] [Server] /usr/sbin/mysqld: Shutdown complete (mysqld 8.0.23)  MySQL Community Server - GPL.
